2023-05-23 17:53:54.902 [info] Extension host with pid 23911 started
2023-05-23 17:53:54.906 [error] Error: EEXIST: file already exists, open '/home/centos/.vscode-server/data/User/workspaceStorage/577a03a6b49eaa8af7e20d50e6c86f65/vscode.lock'
2023-05-23 17:53:54.913 [info] Lock '/home/centos/.vscode-server/data/User/workspaceStorage/577a03a6b49eaa8af7e20d50e6c86f65/vscode.lock': Could not acquire lock, checking if the file is stale.
2023-05-23 17:53:54.971 [info] Lock '/home/centos/.vscode-server/data/User/workspaceStorage/577a03a6b49eaa8af7e20d50e6c86f65/vscode.lock': The lock does not look stale, elapsed: 459 ms, giving up.
2023-05-23 17:53:54.976 [info] Lock '/home/centos/.vscode-server/data/User/workspaceStorage/577a03a6b49eaa8af7e20d50e6c86f65-1/vscode.lock': Lock acquired.
2023-05-23 17:53:55.378 [info] ExtensionService#_doActivateExtension vscode.typescript-language-features, startup: false, activationEvent: 'onLanguage:javascript'
2023-05-23 17:53:55.379 [info] ExtensionService#_doActivateExtension vscode.emmet, startup: false, activationEvent: 'onLanguage'
2023-05-23 17:53:55.796 [info] ExtensionService#_doActivateExtension vscode.git-base, startup: true, activationEvent: '*', root cause: vscode.git
2023-05-23 17:53:55.805 [info] ExtensionService#_doActivateExtension vscode.npm, startup: true, activationEvent: 'workspaceContains:package.json'
2023-05-23 17:53:56.155 [info] ExtensionService#_doActivateExtension vscode.git, startup: true, activationEvent: '*'
2023-05-23 17:53:56.156 [info] ExtensionService#_doActivateExtension vscode.github, startup: true, activationEvent: '*'
2023-05-23 17:53:56.830 [info] Eager extensions activated
2023-05-23 17:53:56.831 [info] ExtensionService#_doActivateExtension vscode.debug-auto-launch, startup: false, activationEvent: 'onStartupFinished'
2023-05-23 17:53:56.831 [info] ExtensionService#_doActivateExtension vscode.merge-conflict, startup: false, activationEvent: 'onStartupFinished'
2023-05-23 17:53:57.172 [warning] [Decorations] CAPPING events from decorations provider vscode.git 2514
2023-05-23 17:53:59.155 [warning] [Decorations] CAPPING events from decorations provider vscode.git 2515
2023-05-23 17:56:59.739 [warning] [Decorations] CAPPING events from decorations provider vscode.git 2517
2023-05-23 17:57:00.378 [warning] [Decorations] CAPPING events from decorations provider vscode.git 2516
2023-05-23 18:02:18.094 [warning] [Decorations] CAPPING events from decorations provider vscode.git 2516
2023-05-23 18:02:18.684 [warning] [Decorations] CAPPING events from decorations provider vscode.git 2515
2023-05-23 18:02:23.193 [warning] [Decorations] CAPPING events from decorations provider vscode.git 2515
2023-05-23 18:02:28.314 [warning] [Decorations] CAPPING events from decorations provider vscode.git 2515
2023-05-23 18:02:33.408 [warning] [Decorations] CAPPING events from decorations provider vscode.git 2515
2023-05-23 18:02:38.495 [warning] [Decorations] CAPPING events from decorations provider vscode.git 2515
2023-05-23 18:02:43.663 [warning] [Decorations] CAPPING events from decorations provider vscode.git 2515
2023-05-23 18:02:48.757 [warning] [Decorations] CAPPING events from decorations provider vscode.git 2515
2023-05-23 18:02:53.852 [warning] [Decorations] CAPPING events from decorations provider vscode.git 2515
2023-05-23 18:02:58.981 [warning] [Decorations] CAPPING events from decorations provider vscode.git 2515
2023-05-23 18:03:04.077 [warning] [Decorations] CAPPING events from decorations provider vscode.git 2515
2023-05-23 18:03:09.160 [warning] [Decorations] CAPPING events from decorations provider vscode.git 2515
2023-05-23 18:03:14.310 [warning] [Decorations] CAPPING events from decorations provider vscode.git 2515
2023-05-23 18:03:19.398 [warning] [Decorations] CAPPING events from decorations provider vscode.git 2515
2023-05-23 18:03:24.487 [warning] [Decorations] CAPPING events from decorations provider vscode.git 2515
2023-05-23 18:03:29.583 [warning] [Decorations] CAPPING events from decorations provider vscode.git 2515
2023-05-23 18:03:34.674 [warning] [Decorations] CAPPING events from decorations provider vscode.git 2515
2023-05-23 18:03:39.760 [warning] [Decorations] CAPPING events from decorations provider vscode.git 2515
2023-05-23 18:03:44.845 [warning] [Decorations] CAPPING events from decorations provider vscode.git 2515
2023-05-23 18:03:49.934 [warning] [Decorations] CAPPING events from decorations provider vscode.git 2515
2023-05-23 18:03:55.025 [warning] [Decorations] CAPPING events from decorations provider vscode.git 2515
2023-05-23 18:04:00.108 [warning] [Decorations] CAPPING events from decorations provider vscode.git 2515
2023-05-23 18:04:05.232 [warning] [Decorations] CAPPING events from decorations provider vscode.git 2515
2023-05-23 18:04:10.338 [warning] [Decorations] CAPPING events from decorations provider vscode.git 2515
2023-05-23 18:04:15.424 [warning] [Decorations] CAPPING events from decorations provider vscode.git 2515
2023-05-23 18:04:20.511 [warning] [Decorations] CAPPING events from decorations provider vscode.git 2516
2023-05-23 18:04:25.600 [warning] [Decorations] CAPPING events from decorations provider vscode.git 2516
2023-05-23 18:05:17.717 [warning] [Decorations] CAPPING events from decorations provider vscode.git 2516
2023-05-23 18:05:19.249 [warning] [Decorations] CAPPING events from decorations provider vscode.git 2516
2023-05-23 18:05:22.816 [warning] [Decorations] CAPPING events from decorations provider vscode.git 2516
2023-05-23 18:05:27.905 [warning] [Decorations] CAPPING events from decorations provider vscode.git 2516
2023-05-23 18:05:33.005 [warning] [Decorations] CAPPING events from decorations provider vscode.git 2516
2023-05-23 18:05:39.779 [warning] [Decorations] CAPPING events from decorations provider vscode.git 2516
2023-05-23 18:05:44.866 [warning] [Decorations] CAPPING events from decorations provider vscode.git 2516
2023-05-23 18:12:31.409 [warning] [Decorations] CAPPING events from decorations provider vscode.git 2516
2023-05-23 18:12:32.077 [warning] [Decorations] CAPPING events from decorations provider vscode.git 2516
2023-05-23 18:12:36.496 [warning] [Decorations] CAPPING events from decorations provider vscode.git 2516
2023-05-23 18:12:41.618 [warning] [Decorations] CAPPING events from decorations provider vscode.git 2516
2023-05-23 18:12:46.705 [warning] [Decorations] CAPPING events from decorations provider vscode.git 2516
2023-05-23 18:12:51.861 [warning] [Decorations] CAPPING events from decorations provider vscode.git 2516
2023-05-23 18:12:56.978 [warning] [Decorations] CAPPING events from decorations provider vscode.git 2516
2023-05-23 18:13:02.060 [warning] [Decorations] CAPPING events from decorations provider vscode.git 2516
2023-05-23 18:13:07.192 [warning] [Decorations] CAPPING events from decorations provider vscode.git 2516
2023-05-23 18:13:12.307 [warning] [Decorations] CAPPING events from decorations provider vscode.git 2516
2023-05-23 18:13:17.431 [warning] [Decorations] CAPPING events from decorations provider vscode.git 2516
2023-05-23 18:13:22.552 [warning] [Decorations] CAPPING events from decorations provider vscode.git 2516
2023-05-23 18:13:27.636 [warning] [Decorations] CAPPING events from decorations provider vscode.git 2516
2023-05-23 18:13:32.720 [warning] [Decorations] CAPPING events from decorations provider vscode.git 2516
2023-05-23 18:13:37.827 [warning] [Decorations] CAPPING events from decorations provider vscode.git 2516
2023-05-23 18:13:42.950 [warning] [Decorations] CAPPING events from decorations provider vscode.git 2516
2023-05-23 18:13:48.073 [warning] [Decorations] CAPPING events from decorations provider vscode.git 2516
2023-05-23 18:13:53.182 [warning] [Decorations] CAPPING events from decorations provider vscode.git 2516
2023-05-23 18:13:58.274 [warning] [Decorations] CAPPING events from decorations provider vscode.git 2516
2023-05-23 18:14:03.377 [warning] [Decorations] CAPPING events from decorations provider vscode.git 2516
2023-05-23 18:14:08.471 [warning] [Decorations] CAPPING events from decorations provider vscode.git 2516
2023-05-23 18:14:13.579 [warning] [Decorations] CAPPING events from decorations provider vscode.git 2516
2023-05-23 18:14:18.713 [warning] [Decorations] CAPPING events from decorations provider vscode.git 2516
2023-05-23 18:14:23.813 [warning] [Decorations] CAPPING events from decorations provider vscode.git 2516
2023-05-23 18:14:28.956 [warning] [Decorations] CAPPING events from decorations provider vscode.git 2516
2023-05-23 18:14:34.072 [warning] [Decorations] CAPPING events from decorations provider vscode.git 2516
2023-05-23 18:14:39.159 [warning] [Decorations] CAPPING events from decorations provider vscode.git 2516
2023-05-23 18:14:44.286 [warning] [Decorations] CAPPING events from decorations provider vscode.git 2516
2023-05-23 18:14:49.407 [warning] [Decorations] CAPPING events from decorations provider vscode.git 2516
2023-05-23 18:14:54.493 [warning] [Decorations] CAPPING events from decorations provider vscode.git 2516
2023-05-23 18:14:59.587 [warning] [Decorations] CAPPING events from decorations provider vscode.git 2516
2023-05-23 18:15:04.677 [warning] [Decorations] CAPPING events from decorations provider vscode.git 2516
2023-05-23 18:15:09.768 [warning] [Decorations] CAPPING events from decorations provider vscode.git 2516
2023-05-23 18:15:14.879 [warning] [Decorations] CAPPING events from decorations provider vscode.git 2516
2023-05-23 18:15:19.978 [warning] [Decorations] CAPPING events from decorations provider vscode.git 2516
2023-05-23 18:15:25.206 [warning] [Decorations] CAPPING events from decorations provider vscode.git 2516
2023-05-23 18:15:30.303 [warning] [Decorations] CAPPING events from decorations provider vscode.git 2516
2023-05-23 18:15:53.614 [warning] [Decorations] CAPPING events from decorations provider vscode.git 2516
2023-05-23 18:15:54.188 [warning] [Decorations] CAPPING events from decorations provider vscode.git 2516
2023-05-23 18:15:58.723 [warning] [Decorations] CAPPING events from decorations provider vscode.git 2516
2023-05-23 18:16:03.819 [warning] [Decorations] CAPPING events from decorations provider vscode.git 2516
2023-05-23 18:16:08.909 [warning] [Decorations] CAPPING events from decorations provider vscode.git 2516
2023-05-23 18:16:14.001 [warning] [Decorations] CAPPING events from decorations provider vscode.git 2516
2023-05-23 18:16:39.339 [warning] [Decorations] CAPPING events from decorations provider vscode.git 2516
2023-05-23 18:16:46.526 [warning] [Decorations] CAPPING events from decorations provider vscode.git 2516
2023-05-23 18:16:51.619 [warning] [Decorations] CAPPING events from decorations provider vscode.git 2516
2023-05-23 18:16:56.725 [warning] [Decorations] CAPPING events from decorations provider vscode.git 2516
2023-05-23 18:17:01.817 [warning] [Decorations] CAPPING events from decorations provider vscode.git 2516
2023-05-23 18:17:06.908 [warning] [Decorations] CAPPING events from decorations provider vscode.git 2516
2023-05-23 18:17:11.995 [warning] [Decorations] CAPPING events from decorations provider vscode.git 2516
2023-05-23 18:17:17.094 [warning] [Decorations] CAPPING events from decorations provider vscode.git 2516
2023-05-23 18:17:22.181 [warning] [Decorations] CAPPING events from decorations provider vscode.git 2516
2023-05-23 18:17:27.266 [warning] [Decorations] CAPPING events from decorations provider vscode.git 2516
2023-05-23 18:17:32.359 [warning] [Decorations] CAPPING events from decorations provider vscode.git 2516
2023-05-23 18:17:37.480 [warning] [Decorations] CAPPING events from decorations provider vscode.git 2516
2023-05-23 18:17:42.565 [warning] [Decorations] CAPPING events from decorations provider vscode.git 2516
2023-05-23 18:17:47.655 [warning] [Decorations] CAPPING events from decorations provider vscode.git 2516
2023-05-23 18:17:52.789 [warning] [Decorations] CAPPING events from decorations provider vscode.git 2516
2023-05-23 18:17:57.954 [warning] [Decorations] CAPPING events from decorations provider vscode.git 2516
2023-05-23 18:18:03.039 [warning] [Decorations] CAPPING events from decorations provider vscode.git 2516
2023-05-23 18:18:08.132 [warning] [Decorations] CAPPING events from decorations provider vscode.git 2516
2023-05-23 18:18:13.219 [warning] [Decorations] CAPPING events from decorations provider vscode.git 2516
2023-05-23 18:18:18.307 [warning] [Decorations] CAPPING events from decorations provider vscode.git 2516
2023-05-23 18:18:23.428 [warning] [Decorations] CAPPING events from decorations provider vscode.git 2516
2023-05-23 18:18:28.581 [warning] [Decorations] CAPPING events from decorations provider vscode.git 2516
2023-05-23 18:18:33.756 [warning] [Decorations] CAPPING events from decorations provider vscode.git 2516
2023-05-23 18:18:38.861 [warning] [Decorations] CAPPING events from decorations provider vscode.git 2516
2023-05-23 18:18:43.949 [warning] [Decorations] CAPPING events from decorations provider vscode.git 2516
2023-05-23 18:18:49.072 [warning] [Decorations] CAPPING events from decorations provider vscode.git 2516
2023-05-23 18:18:54.206 [warning] [Decorations] CAPPING events from decorations provider vscode.git 2516
2023-05-23 18:18:54.773 [warning] [Decorations] CAPPING events from decorations provider vscode.git 2516
2023-05-23 18:18:59.292 [warning] [Decorations] CAPPING events from decorations provider vscode.git 2516
2023-05-23 18:19:04.383 [warning] [Decorations] CAPPING events from decorations provider vscode.git 2516
2023-05-23 18:19:09.471 [warning] [Decorations] CAPPING events from decorations provider vscode.git 2516
2023-05-23 18:19:14.555 [warning] [Decorations] CAPPING events from decorations provider vscode.git 2516
2023-05-23 18:19:19.676 [warning] [Decorations] CAPPING events from decorations provider vscode.git 2516
2023-05-23 18:19:24.770 [warning] [Decorations] CAPPING events from decorations provider vscode.git 2516
2023-05-23 18:19:29.980 [warning] [Decorations] CAPPING events from decorations provider vscode.git 2516
2023-05-23 18:19:35.111 [warning] [Decorations] CAPPING events from decorations provider vscode.git 2516
2023-05-23 18:19:40.205 [warning] [Decorations] CAPPING events from decorations provider vscode.git 2516
2023-05-23 18:19:45.300 [warning] [Decorations] CAPPING events from decorations provider vscode.git 2516
2023-05-23 18:19:50.387 [warning] [Decorations] CAPPING events from decorations provider vscode.git 2516
2023-05-23 18:19:55.480 [warning] [Decorations] CAPPING events from decorations provider vscode.git 2516
2023-05-23 18:20:00.575 [warning] [Decorations] CAPPING events from decorations provider vscode.git 2516
2023-05-23 18:20:05.663 [warning] [Decorations] CAPPING events from decorations provider vscode.git 2516
2023-05-23 18:20:10.817 [warning] [Decorations] CAPPING events from decorations provider vscode.git 2516
2023-05-23 18:20:15.900 [warning] [Decorations] CAPPING events from decorations provider vscode.git 2516
2023-05-23 18:20:33.221 [warning] [Decorations] CAPPING events from decorations provider vscode.git 2516
2023-05-23 18:20:38.331 [warning] [Decorations] CAPPING events from decorations provider vscode.git 2516
2023-05-23 18:20:43.419 [warning] [Decorations] CAPPING events from decorations provider vscode.git 2516
2023-05-23 18:20:48.511 [warning] [Decorations] CAPPING events from decorations provider vscode.git 2516
2023-05-23 18:20:53.603 [warning] [Decorations] CAPPING events from decorations provider vscode.git 2516
2023-05-23 18:20:58.756 [warning] [Decorations] CAPPING events from decorations provider vscode.git 2516
2023-05-23 18:21:03.850 [warning] [Decorations] CAPPING events from decorations provider vscode.git 2516
2023-05-23 18:21:08.969 [warning] [Decorations] CAPPING events from decorations provider vscode.git 2516
2023-05-23 18:21:14.055 [warning] [Decorations] CAPPING events from decorations provider vscode.git 2516
2023-05-23 18:21:19.144 [warning] [Decorations] CAPPING events from decorations provider vscode.git 2516
2023-05-23 18:21:24.233 [warning] [Decorations] CAPPING events from decorations provider vscode.git 2516
2023-05-23 18:21:29.321 [warning] [Decorations] CAPPING events from decorations provider vscode.git 2516
2023-05-23 18:21:34.420 [warning] [Decorations] CAPPING events from decorations provider vscode.git 2516
2023-05-23 18:21:39.510 [warning] [Decorations] CAPPING events from decorations provider vscode.git 2516
2023-05-23 18:21:44.634 [warning] [Decorations] CAPPING events from decorations provider vscode.git 2516
2023-05-23 18:21:49.723 [warning] [Decorations] CAPPING events from decorations provider vscode.git 2516
2023-05-23 18:21:54.844 [warning] [Decorations] CAPPING events from decorations provider vscode.git 2516
2023-05-23 18:21:55.478 [warning] [Decorations] CAPPING events from decorations provider vscode.git 2516
2023-05-23 18:21:59.939 [warning] [Decorations] CAPPING events from decorations provider vscode.git 2516
2023-05-23 18:22:05.021 [warning] [Decorations] CAPPING events from decorations provider vscode.git 2516
2023-05-23 18:22:10.110 [warning] [Decorations] CAPPING events from decorations provider vscode.git 2516
2023-05-23 18:22:15.198 [warning] [Decorations] CAPPING events from decorations provider vscode.git 2516
2023-05-23 18:22:20.289 [warning] [Decorations] CAPPING events from decorations provider vscode.git 2516
2023-05-23 18:22:25.382 [warning] [Decorations] CAPPING events from decorations provider vscode.git 2516
2023-05-23 18:22:30.490 [warning] [Decorations] CAPPING events from decorations provider vscode.git 2516
2023-05-23 18:22:35.578 [warning] [Decorations] CAPPING events from decorations provider vscode.git 2516
2023-05-23 18:22:40.709 [warning] [Decorations] CAPPING events from decorations provider vscode.git 2516
2023-05-23 18:22:45.808 [warning] [Decorations] CAPPING events from decorations provider vscode.git 2516
2023-05-23 18:22:50.898 [warning] [Decorations] CAPPING events from decorations provider vscode.git 2516
2023-05-23 18:22:55.995 [warning] [Decorations] CAPPING events from decorations provider vscode.git 2516
2023-05-23 18:23:01.082 [warning] [Decorations] CAPPING events from decorations provider vscode.git 2516
2023-05-23 18:23:06.217 [warning] [Decorations] CAPPING events from decorations provider vscode.git 2516
2023-05-23 18:23:11.304 [warning] [Decorations] CAPPING events from decorations provider vscode.git 2516
2023-05-23 18:23:16.423 [warning] [Decorations] CAPPING events from decorations provider vscode.git 2516
2023-05-23 18:23:21.516 [warning] [Decorations] CAPPING events from decorations provider vscode.git 2516
2023-05-23 18:23:26.643 [warning] [Decorations] CAPPING events from decorations provider vscode.git 2516
2023-05-23 18:23:31.733 [warning] [Decorations] CAPPING events from decorations provider vscode.git 2516
2023-05-23 18:23:36.820 [warning] [Decorations] CAPPING events from decorations provider vscode.git 2516
2023-05-23 18:23:41.914 [warning] [Decorations] CAPPING events from decorations provider vscode.git 2516
2023-05-23 18:23:47.001 [warning] [Decorations] CAPPING events from decorations provider vscode.git 2516
2023-05-23 18:23:52.089 [warning] [Decorations] CAPPING events from decorations provider vscode.git 2516
2023-05-23 18:23:57.175 [warning] [Decorations] CAPPING events from decorations provider vscode.git 2516
2023-05-23 18:24:02.329 [warning] [Decorations] CAPPING events from decorations provider vscode.git 2516
2023-05-23 18:24:07.437 [warning] [Decorations] CAPPING events from decorations provider vscode.git 2516
2023-05-23 18:24:12.526 [warning] [Decorations] CAPPING events from decorations provider vscode.git 2516
2023-05-23 18:24:17.615 [warning] [Decorations] CAPPING events from decorations provider vscode.git 2516
2023-05-23 18:24:22.706 [warning] [Decorations] CAPPING events from decorations provider vscode.git 2516
2023-05-23 18:24:27.788 [warning] [Decorations] CAPPING events from decorations provider vscode.git 2516
2023-05-23 18:24:32.877 [warning] [Decorations] CAPPING events from decorations provider vscode.git 2516
2023-05-23 18:24:38.011 [warning] [Decorations] CAPPING events from decorations provider vscode.git 2516
2023-05-23 18:24:43.101 [warning] [Decorations] CAPPING events from decorations provider vscode.git 2516
2023-05-23 18:24:48.223 [warning] [Decorations] CAPPING events from decorations provider vscode.git 2516
2023-05-23 18:24:53.317 [warning] [Decorations] CAPPING events from decorations provider vscode.git 2516
2023-05-23 18:24:56.060 [warning] [Decorations] CAPPING events from decorations provider vscode.git 2516
2023-05-23 18:24:58.403 [warning] [Decorations] CAPPING events from decorations provider vscode.git 2516
2023-05-23 18:25:03.488 [warning] [Decorations] CAPPING events from decorations provider vscode.git 2516
2023-05-23 18:25:08.574 [warning] [Decorations] CAPPING events from decorations provider vscode.git 2516
2023-05-23 18:25:13.696 [warning] [Decorations] CAPPING events from decorations provider vscode.git 2516
2023-05-23 18:25:18.779 [warning] [Decorations] CAPPING events from decorations provider vscode.git 2516
2023-05-23 18:25:23.868 [warning] [Decorations] CAPPING events from decorations provider vscode.git 2516
2023-05-23 18:25:29.023 [warning] [Decorations] CAPPING events from decorations provider vscode.git 2516
2023-05-23 18:25:34.112 [warning] [Decorations] CAPPING events from decorations provider vscode.git 2516
2023-05-23 18:25:39.238 [warning] [Decorations] CAPPING events from decorations provider vscode.git 2516
2023-05-23 18:25:44.338 [warning] [Decorations] CAPPING events from decorations provider vscode.git 2516
2023-05-23 18:25:49.425 [warning] [Decorations] CAPPING events from decorations provider vscode.git 2516
2023-05-23 18:25:54.516 [warning] [Decorations] CAPPING events from decorations provider vscode.git 2517
2023-05-23 18:26:26.886 [warning] [Decorations] CAPPING events from decorations provider vscode.git 2517
2023-05-23 18:26:31.976 [warning] [Decorations] CAPPING events from decorations provider vscode.git 2517
2023-05-23 18:26:37.064 [warning] [Decorations] CAPPING events from decorations provider vscode.git 2517
2023-05-23 18:26:42.185 [warning] [Decorations] CAPPING events from decorations provider vscode.git 2517
2023-05-23 18:26:47.269 [warning] [Decorations] CAPPING events from decorations provider vscode.git 2517
2023-05-23 18:27:02.014 [warning] [Decorations] CAPPING events from decorations provider vscode.git 2518
2023-05-23 18:27:07.109 [warning] [Decorations] CAPPING events from decorations provider vscode.git 2518
2023-05-23 18:27:12.220 [warning] [Decorations] CAPPING events from decorations provider vscode.git 2518
2023-05-23 18:27:17.307 [warning] [Decorations] CAPPING events from decorations provider vscode.git 2518
2023-05-23 18:27:22.930 [warning] [Decorations] CAPPING events from decorations provider vscode.git 2518
2023-05-23 18:27:28.014 [warning] [Decorations] CAPPING events from decorations provider vscode.git 2518
2023-05-23 18:27:33.150 [warning] [Decorations] CAPPING events from decorations provider vscode.git 2518
2023-05-23 18:27:38.238 [warning] [Decorations] CAPPING events from decorations provider vscode.git 2518
2023-05-23 18:27:43.324 [warning] [Decorations] CAPPING events from decorations provider vscode.git 2518
2023-05-23 18:27:48.457 [warning] [Decorations] CAPPING events from decorations provider vscode.git 2518
2023-05-23 18:27:53.594 [warning] [Decorations] CAPPING events from decorations provider vscode.git 2518
2023-05-23 18:27:56.643 [warning] [Decorations] CAPPING events from decorations provider vscode.git 2518
2023-05-23 18:27:58.708 [warning] [Decorations] CAPPING events from decorations provider vscode.git 2518
2023-05-23 18:28:03.806 [warning] [Decorations] CAPPING events from decorations provider vscode.git 2518
2023-05-23 18:28:08.888 [warning] [Decorations] CAPPING events from decorations provider vscode.git 2518
2023-05-23 18:28:13.988 [warning] [Decorations] CAPPING events from decorations provider vscode.git 2518
2023-05-23 18:28:19.084 [warning] [Decorations] CAPPING events from decorations provider vscode.git 2518
2023-05-23 18:29:00.316 [warning] [Decorations] CAPPING events from decorations provider vscode.git 2519
2023-05-23 18:29:19.020 [warning] [Decorations] CAPPING events from decorations provider vscode.git 2519
2023-05-23 18:29:24.120 [warning] [Decorations] CAPPING events from decorations provider vscode.git 2519
2023-05-23 18:29:29.206 [warning] [Decorations] CAPPING events from decorations provider vscode.git 2519
2023-05-23 18:29:34.292 [warning] [Decorations] CAPPING events from decorations provider vscode.git 2519
2023-05-23 18:29:39.384 [warning] [Decorations] CAPPING events from decorations provider vscode.git 2519
2023-05-23 18:29:44.468 [warning] [Decorations] CAPPING events from decorations provider vscode.git 2519
2023-05-23 18:29:49.555 [warning] [Decorations] CAPPING events from decorations provider vscode.git 2519
2023-05-23 18:29:54.671 [warning] [Decorations] CAPPING events from decorations provider vscode.git 2519
2023-05-23 18:29:59.774 [warning] [Decorations] CAPPING events from decorations provider vscode.git 2519
2023-05-23 18:30:04.859 [warning] [Decorations] CAPPING events from decorations provider vscode.git 2519
2023-05-23 18:30:09.987 [warning] [Decorations] CAPPING events from decorations provider vscode.git 2519
2023-05-23 18:30:15.074 [warning] [Decorations] CAPPING events from decorations provider vscode.git 2519
2023-05-23 18:30:20.167 [warning] [Decorations] CAPPING events from decorations provider vscode.git 2519
2023-05-23 18:30:25.264 [warning] [Decorations] CAPPING events from decorations provider vscode.git 2519
2023-05-23 18:30:30.389 [warning] [Decorations] CAPPING events from decorations provider vscode.git 2519
2023-05-23 18:30:35.479 [warning] [Decorations] CAPPING events from decorations provider vscode.git 2519
2023-05-23 18:30:40.595 [warning] [Decorations] CAPPING events from decorations provider vscode.git 2519
2023-05-23 18:30:45.683 [warning] [Decorations] CAPPING events from decorations provider vscode.git 2519
2023-05-23 18:30:50.835 [warning] [Decorations] CAPPING events from decorations provider vscode.git 2519
2023-05-23 18:30:55.948 [warning] [Decorations] CAPPING events from decorations provider vscode.git 2519
2023-05-23 18:30:57.205 [warning] [Decorations] CAPPING events from decorations provider vscode.git 2519
2023-05-23 18:31:01.025 [warning] [Decorations] CAPPING events from decorations provider vscode.git 2519
2023-05-23 18:31:06.117 [warning] [Decorations] CAPPING events from decorations provider vscode.git 2519
2023-05-23 18:31:11.204 [warning] [Decorations] CAPPING events from decorations provider vscode.git 2519
2023-05-23 18:31:16.350 [warning] [Decorations] CAPPING events from decorations provider vscode.git 2519
2023-05-23 18:31:21.437 [warning] [Decorations] CAPPING events from decorations provider vscode.git 2519
2023-05-23 18:31:26.528 [warning] [Decorations] CAPPING events from decorations provider vscode.git 2519
2023-05-23 18:31:31.646 [warning] [Decorations] CAPPING events from decorations provider vscode.git 2519
2023-05-23 18:31:36.732 [warning] [Decorations] CAPPING events from decorations provider vscode.git 2519
2023-05-23 18:31:41.922 [warning] [Decorations] CAPPING events from decorations provider vscode.git 2519
2023-05-23 18:31:47.049 [warning] [Decorations] CAPPING events from decorations provider vscode.git 2519
2023-05-23 18:31:52.149 [warning] [Decorations] CAPPING events from decorations provider vscode.git 2519
2023-05-23 18:31:57.241 [warning] [Decorations] CAPPING events from decorations provider vscode.git 2519
2023-05-23 18:32:02.356 [warning] [Decorations] CAPPING events from decorations provider vscode.git 2519
2023-05-23 18:32:07.449 [warning] [Decorations] CAPPING events from decorations provider vscode.git 2519
2023-05-23 18:32:12.565 [warning] [Decorations] CAPPING events from decorations provider vscode.git 2519
2023-05-23 18:32:17.677 [warning] [Decorations] CAPPING events from decorations provider vscode.git 2519
2023-05-23 18:32:22.766 [warning] [Decorations] CAPPING events from decorations provider vscode.git 2519
2023-05-23 18:32:27.885 [warning] [Decorations] CAPPING events from decorations provider vscode.git 2519
2023-05-23 18:32:32.994 [warning] [Decorations] CAPPING events from decorations provider vscode.git 2519
2023-05-23 18:32:38.084 [warning] [Decorations] CAPPING events from decorations provider vscode.git 2519
2023-05-23 18:32:43.173 [warning] [Decorations] CAPPING events from decorations provider vscode.git 2519
2023-05-23 18:32:48.261 [warning] [Decorations] CAPPING events from decorations provider vscode.git 2519
2023-05-23 18:32:53.390 [warning] [Decorations] CAPPING events from decorations provider vscode.git 2519
2023-05-23 18:32:58.480 [warning] [Decorations] CAPPING events from decorations provider vscode.git 2519
2023-05-23 18:33:03.568 [warning] [Decorations] CAPPING events from decorations provider vscode.git 2519
2023-05-23 18:33:08.703 [warning] [Decorations] CAPPING events from decorations provider vscode.git 2519
2023-05-23 18:33:13.806 [warning] [Decorations] CAPPING events from decorations provider vscode.git 2519
2023-05-23 18:33:18.900 [warning] [Decorations] CAPPING events from decorations provider vscode.git 2519
2023-05-23 18:33:23.992 [warning] [Decorations] CAPPING events from decorations provider vscode.git 2519
2023-05-23 18:33:29.112 [warning] [Decorations] CAPPING events from decorations provider vscode.git 2519
2023-05-23 18:33:34.207 [warning] [Decorations] CAPPING events from decorations provider vscode.git 2519
2023-05-23 18:33:39.325 [warning] [Decorations] CAPPING events from decorations provider vscode.git 2519
2023-05-23 18:33:44.497 [warning] [Decorations] CAPPING events from decorations provider vscode.git 2519
2023-05-23 18:33:49.639 [warning] [Decorations] CAPPING events from decorations provider vscode.git 2519
2023-05-23 18:33:54.755 [warning] [Decorations] CAPPING events from decorations provider vscode.git 2519
2023-05-23 18:33:57.749 [warning] [Decorations] CAPPING events from decorations provider vscode.git 2519
2023-05-23 18:33:59.846 [warning] [Decorations] CAPPING events from decorations provider vscode.git 2519
2023-05-23 18:34:04.940 [warning] [Decorations] CAPPING events from decorations provider vscode.git 2519
2023-05-23 18:34:10.037 [warning] [Decorations] CAPPING events from decorations provider vscode.git 2519
2023-05-23 18:34:15.164 [warning] [Decorations] CAPPING events from decorations provider vscode.git 2519
2023-05-23 18:34:20.252 [warning] [Decorations] CAPPING events from decorations provider vscode.git 2519
2023-05-23 18:34:25.345 [warning] [Decorations] CAPPING events from decorations provider vscode.git 2519
2023-05-23 18:34:30.447 [warning] [Decorations] CAPPING events from decorations provider vscode.git 2519
2023-05-23 18:34:35.541 [warning] [Decorations] CAPPING events from decorations provider vscode.git 2519
2023-05-23 18:34:40.644 [warning] [Decorations] CAPPING events from decorations provider vscode.git 2519
2023-05-23 18:34:45.742 [warning] [Decorations] CAPPING events from decorations provider vscode.git 2519
2023-05-23 18:34:50.933 [warning] [Decorations] CAPPING events from decorations provider vscode.git 2519
2023-05-23 18:34:56.019 [warning] [Decorations] CAPPING events from decorations provider vscode.git 2519
2023-05-23 18:35:01.108 [warning] [Decorations] CAPPING events from decorations provider vscode.git 2519
2023-05-23 18:35:06.196 [warning] [Decorations] CAPPING events from decorations provider vscode.git 2519
2023-05-23 18:35:11.339 [warning] [Decorations] CAPPING events from decorations provider vscode.git 2519
2023-05-23 18:35:16.428 [warning] [Decorations] CAPPING events from decorations provider vscode.git 2519
2023-05-23 18:35:24.660 [warning] [Decorations] CAPPING events from decorations provider vscode.git 2519
2023-05-23 18:35:29.844 [warning] [Decorations] CAPPING events from decorations provider vscode.git 2519
2023-05-23 18:35:34.940 [warning] [Decorations] CAPPING events from decorations provider vscode.git 2519
2023-05-23 18:35:40.032 [warning] [Decorations] CAPPING events from decorations provider vscode.git 2519
2023-05-23 18:35:59.953 [warning] [Decorations] CAPPING events from decorations provider vscode.git 2519
2023-05-23 18:36:05.048 [warning] [Decorations] CAPPING events from decorations provider vscode.git 2519
2023-05-23 18:36:10.166 [warning] [Decorations] CAPPING events from decorations provider vscode.git 2519
2023-05-23 18:36:15.279 [warning] [Decorations] CAPPING events from decorations provider vscode.git 2519
2023-05-23 18:36:20.379 [warning] [Decorations] CAPPING events from decorations provider vscode.git 2519
2023-05-23 18:36:25.476 [warning] [Decorations] CAPPING events from decorations provider vscode.git 2519
2023-05-23 18:36:30.574 [warning] [Decorations] CAPPING events from decorations provider vscode.git 2519
2023-05-23 18:36:35.682 [warning] [Decorations] CAPPING events from decorations provider vscode.git 2519
2023-05-23 18:36:40.811 [warning] [Decorations] CAPPING events from decorations provider vscode.git 2519
2023-05-23 18:36:45.914 [warning] [Decorations] CAPPING events from decorations provider vscode.git 2519
2023-05-23 18:36:51.020 [warning] [Decorations] CAPPING events from decorations provider vscode.git 2519
2023-05-23 18:36:56.144 [warning] [Decorations] CAPPING events from decorations provider vscode.git 2519
2023-05-23 18:36:58.950 [warning] [Decorations] CAPPING events from decorations provider vscode.git 2519
2023-05-23 18:37:01.231 [warning] [Decorations] CAPPING events from decorations provider vscode.git 2519
2023-05-23 18:37:06.325 [warning] [Decorations] CAPPING events from decorations provider vscode.git 2519
2023-05-23 18:37:11.413 [warning] [Decorations] CAPPING events from decorations provider vscode.git 2519
2023-05-23 18:37:16.635 [warning] [Decorations] CAPPING events from decorations provider vscode.git 2519
2023-05-23 18:37:21.764 [warning] [Decorations] CAPPING events from decorations provider vscode.git 2519
2023-05-23 18:37:26.854 [warning] [Decorations] CAPPING events from decorations provider vscode.git 2519
2023-05-23 18:37:31.944 [warning] [Decorations] CAPPING events from decorations provider vscode.git 2519
2023-05-23 18:37:37.027 [warning] [Decorations] CAPPING events from decorations provider vscode.git 2519
2023-05-23 18:37:42.117 [warning] [Decorations] CAPPING events from decorations provider vscode.git 2519
2023-05-23 18:37:47.241 [warning] [Decorations] CAPPING events from decorations provider vscode.git 2519
2023-05-23 18:37:52.339 [warning] [Decorations] CAPPING events from decorations provider vscode.git 2519
2023-05-23 18:37:57.463 [warning] [Decorations] CAPPING events from decorations provider vscode.git 2519
2023-05-23 18:38:02.557 [warning] [Decorations] CAPPING events from decorations provider vscode.git 2519
2023-05-23 18:38:07.653 [warning] [Decorations] CAPPING events from decorations provider vscode.git 2519
2023-05-23 18:38:12.783 [warning] [Decorations] CAPPING events from decorations provider vscode.git 2519
2023-05-23 18:38:17.905 [warning] [Decorations] CAPPING events from decorations provider vscode.git 2519
2023-05-23 18:38:22.998 [warning] [Decorations] CAPPING events from decorations provider vscode.git 2519
2023-05-23 18:38:28.108 [warning] [Decorations] CAPPING events from decorations provider vscode.git 2519
2023-05-23 18:38:33.194 [warning] [Decorations] CAPPING events from decorations provider vscode.git 2519
2023-05-23 18:38:38.342 [warning] [Decorations] CAPPING events from decorations provider vscode.git 2519
2023-05-23 18:38:48.244 [warning] [Decorations] CAPPING events from decorations provider vscode.git 2519
2023-05-23 18:38:53.340 [warning] [Decorations] CAPPING events from decorations provider vscode.git 2519
2023-05-23 18:38:58.424 [warning] [Decorations] CAPPING events from decorations provider vscode.git 2519
2023-05-23 18:39:15.660 [warning] [Decorations] CAPPING events from decorations provider vscode.git 2520
2023-05-23 18:39:20.809 [warning] [Decorations] CAPPING events from decorations provider vscode.git 2520
2023-05-23 18:39:25.918 [warning] [Decorations] CAPPING events from decorations provider vscode.git 2520
2023-05-23 18:39:31.007 [warning] [Decorations] CAPPING events from decorations provider vscode.git 2520
2023-05-23 18:39:36.185 [warning] [Decorations] CAPPING events from decorations provider vscode.git 2520
2023-05-23 18:39:41.365 [warning] [Decorations] CAPPING events from decorations provider vscode.git 2520
2023-05-23 18:39:46.471 [warning] [Decorations] CAPPING events from decorations provider vscode.git 2520
2023-05-23 18:39:51.563 [warning] [Decorations] CAPPING events from decorations provider vscode.git 2520
2023-05-23 18:39:56.650 [warning] [Decorations] CAPPING events from decorations provider vscode.git 2520
2023-05-23 18:39:59.515 [warning] [Decorations] CAPPING events from decorations provider vscode.git 2520
2023-05-23 18:40:01.825 [warning] [Decorations] CAPPING events from decorations provider vscode.git 2520
2023-05-23 18:40:06.915 [warning] [Decorations] CAPPING events from decorations provider vscode.git 2520
2023-05-23 18:40:12.024 [warning] [Decorations] CAPPING events from decorations provider vscode.git 2520
2023-05-23 18:42:27.879 [warning] [Decorations] CAPPING events from decorations provider vscode.git 2521
2023-05-23 18:42:32.975 [warning] [Decorations] CAPPING events from decorations provider vscode.git 2521
2023-05-23 18:42:38.069 [warning] [Decorations] CAPPING events from decorations provider vscode.git 2521
2023-05-23 18:42:43.156 [warning] [Decorations] CAPPING events from decorations provider vscode.git 2522
2023-05-23 18:42:48.294 [warning] [Decorations] CAPPING events from decorations provider vscode.git 2522
2023-05-23 18:42:53.383 [warning] [Decorations] CAPPING events from decorations provider vscode.git 2522
2023-05-23 18:42:58.519 [warning] [Decorations] CAPPING events from decorations provider vscode.git 2522
2023-05-23 18:43:00.069 [warning] [Decorations] CAPPING events from decorations provider vscode.git 2522
2023-05-23 18:43:03.710 [warning] [Decorations] CAPPING events from decorations provider vscode.git 2522
2023-05-23 18:43:08.860 [warning] [Decorations] CAPPING events from decorations provider vscode.git 2522
2023-05-23 18:43:14.035 [warning] [Decorations] CAPPING events from decorations provider vscode.git 2522
2023-05-23 18:43:19.160 [warning] [Decorations] CAPPING events from decorations provider vscode.git 2522
2023-05-23 18:43:51.585 [warning] [Decorations] CAPPING events from decorations provider vscode.git 2522
2023-05-23 18:44:23.005 [warning] [Decorations] CAPPING events from decorations provider vscode.git 2522
2023-05-23 18:44:55.648 [warning] [Decorations] CAPPING events from decorations provider vscode.git 2522
2023-05-23 18:45:00.747 [warning] [Decorations] CAPPING events from decorations provider vscode.git 2522
2023-05-23 18:45:05.833 [warning] [Decorations] CAPPING events from decorations provider vscode.git 2522
2023-05-23 18:45:10.959 [warning] [Decorations] CAPPING events from decorations provider vscode.git 2522
2023-05-23 18:45:16.056 [warning] [Decorations] CAPPING events from decorations provider vscode.git 2522
2023-05-23 18:45:21.188 [warning] [Decorations] CAPPING events from decorations provider vscode.git 2522
2023-05-23 18:45:26.278 [warning] [Decorations] CAPPING events from decorations provider vscode.git 2522
2023-05-23 18:45:31.400 [warning] [Decorations] CAPPING events from decorations provider vscode.git 2522
2023-05-23 18:45:36.491 [warning] [Decorations] CAPPING events from decorations provider vscode.git 2522
2023-05-23 18:45:41.589 [warning] [Decorations] CAPPING events from decorations provider vscode.git 2522
2023-05-23 18:45:42.805 [info] ExtensionService#_doActivateExtension vscode.extension-editing, startup: false, activationEvent: 'onLanguage:json'
2023-05-23 18:45:42.806 [info] ExtensionService#_doActivateExtension vscode.json-language-features, startup: false, activationEvent: 'onLanguage:json'
2023-05-23 18:45:46.687 [warning] [Decorations] CAPPING events from decorations provider vscode.git 2523
2023-05-23 18:45:51.779 [warning] [Decorations] CAPPING events from decorations provider vscode.git 2523
2023-05-23 18:45:56.886 [warning] [Decorations] CAPPING events from decorations provider vscode.git 2523
2023-05-23 18:46:00.641 [warning] [Decorations] CAPPING events from decorations provider vscode.git 2523
2023-05-23 18:46:01.978 [warning] [Decorations] CAPPING events from decorations provider vscode.git 2523
2023-05-23 18:46:07.082 [warning] [Decorations] CAPPING events from decorations provider vscode.git 2523
2023-05-23 18:46:12.170 [warning] [Decorations] CAPPING events from decorations provider vscode.git 2523
2023-05-23 18:46:17.261 [warning] [Decorations] CAPPING events from decorations provider vscode.git 2523
2023-05-23 18:46:22.356 [warning] [Decorations] CAPPING events from decorations provider vscode.git 2523
2023-05-23 18:46:27.443 [warning] [Decorations] CAPPING events from decorations provider vscode.git 2523
2023-05-23 18:46:32.532 [warning] [Decorations] CAPPING events from decorations provider vscode.git 2523
2023-05-23 18:46:37.652 [warning] [Decorations] CAPPING events from decorations provider vscode.git 2523
2023-05-23 18:46:42.745 [warning] [Decorations] CAPPING events from decorations provider vscode.git 2523
2023-05-23 18:46:47.878 [warning] [Decorations] CAPPING events from decorations provider vscode.git 2523
2023-05-23 18:46:52.966 [warning] [Decorations] CAPPING events from decorations provider vscode.git 2523
2023-05-23 18:46:58.100 [warning] [Decorations] CAPPING events from decorations provider vscode.git 2523
2023-05-23 18:47:03.192 [warning] [Decorations] CAPPING events from decorations provider vscode.git 2523
2023-05-23 18:47:08.300 [warning] [Decorations] CAPPING events from decorations provider vscode.git 2523
2023-05-23 18:47:13.397 [warning] [Decorations] CAPPING events from decorations provider vscode.git 2523
2023-05-23 18:47:18.500 [warning] [Decorations] CAPPING events from decorations provider vscode.git 2523
2023-05-23 18:47:23.602 [warning] [Decorations] CAPPING events from decorations provider vscode.git 2523
2023-05-23 18:47:28.698 [warning] [Decorations] CAPPING events from decorations provider vscode.git 2523
2023-05-23 18:47:33.839 [warning] [Decorations] CAPPING events from decorations provider vscode.git 2523
2023-05-23 18:47:38.955 [warning] [Decorations] CAPPING events from decorations provider vscode.git 2523
2023-05-23 18:47:44.048 [warning] [Decorations] CAPPING events from decorations provider vscode.git 2523
2023-05-23 18:47:49.139 [warning] [Decorations] CAPPING events from decorations provider vscode.git 2523
2023-05-23 18:47:54.231 [warning] [Decorations] CAPPING events from decorations provider vscode.git 2523
2023-05-23 18:47:59.326 [warning] [Decorations] CAPPING events from decorations provider vscode.git 2523
2023-05-23 18:48:04.423 [warning] [Decorations] CAPPING events from decorations provider vscode.git 2523
2023-05-23 18:48:09.525 [warning] [Decorations] CAPPING events from decorations provider vscode.git 2523
2023-05-23 18:48:14.612 [warning] [Decorations] CAPPING events from decorations provider vscode.git 2523
2023-05-23 18:48:19.716 [warning] [Decorations] CAPPING events from decorations provider vscode.git 2523
2023-05-23 18:48:24.813 [warning] [Decorations] CAPPING events from decorations provider vscode.git 2523
2023-05-23 18:48:29.946 [warning] [Decorations] CAPPING events from decorations provider vscode.git 2523
2023-05-23 18:48:35.049 [warning] [Decorations] CAPPING events from decorations provider vscode.git 2523
2023-05-23 18:48:40.168 [warning] [Decorations] CAPPING events from decorations provider vscode.git 2523
2023-05-23 18:48:45.271 [warning] [Decorations] CAPPING events from decorations provider vscode.git 2523
2023-05-23 18:48:50.382 [warning] [Decorations] CAPPING events from decorations provider vscode.git 2523
2023-05-23 18:48:55.482 [warning] [Decorations] CAPPING events from decorations provider vscode.git 2523
2023-05-23 18:49:00.576 [warning] [Decorations] CAPPING events from decorations provider vscode.git 2523
2023-05-23 18:49:01.274 [warning] [Decorations] CAPPING events from decorations provider vscode.git 2523
2023-05-23 18:49:05.686 [warning] [Decorations] CAPPING events from decorations provider vscode.git 2523
2023-05-23 18:49:10.790 [warning] [Decorations] CAPPING events from decorations provider vscode.git 2523
2023-05-23 18:49:15.892 [warning] [Decorations] CAPPING events from decorations provider vscode.git 2523
2023-05-23 18:49:20.988 [warning] [Decorations] CAPPING events from decorations provider vscode.git 2523
2023-05-23 18:49:26.099 [warning] [Decorations] CAPPING events from decorations provider vscode.git 2524
2023-05-23 18:49:31.202 [warning] [Decorations] CAPPING events from decorations provider vscode.git 2524
2023-05-23 18:49:36.310 [warning] [Decorations] CAPPING events from decorations provider vscode.git 2524
2023-05-23 18:49:41.423 [warning] [Decorations] CAPPING events from decorations provider vscode.git 2524
2023-05-23 18:49:46.542 [warning] [Decorations] CAPPING events from decorations provider vscode.git 2524
2023-05-23 18:49:51.653 [warning] [Decorations] CAPPING events from decorations provider vscode.git 2524
2023-05-23 18:49:56.773 [warning] [Decorations] CAPPING events from decorations provider vscode.git 2524
2023-05-23 18:50:01.890 [warning] [Decorations] CAPPING events from decorations provider vscode.git 2524
2023-05-23 18:50:07.004 [warning] [Decorations] CAPPING events from decorations provider vscode.git 2524
2023-05-23 18:50:12.118 [warning] [Decorations] CAPPING events from decorations provider vscode.git 2524
2023-05-23 18:50:17.236 [warning] [Decorations] CAPPING events from decorations provider vscode.git 2524
2023-05-23 18:50:22.358 [warning] [Decorations] CAPPING events from decorations provider vscode.git 2524
2023-05-23 18:50:27.474 [warning] [Decorations] CAPPING events from decorations provider vscode.git 2524
2023-05-23 18:50:32.659 [warning] [Decorations] CAPPING events from decorations provider vscode.git 2524
2023-05-23 18:50:37.814 [warning] [Decorations] CAPPING events from decorations provider vscode.git 2524
2023-05-23 18:50:42.949 [warning] [Decorations] CAPPING events from decorations provider vscode.git 2524
2023-05-23 18:50:48.075 [warning] [Decorations] CAPPING events from decorations provider vscode.git 2524
2023-05-23 18:50:53.168 [warning] [Decorations] CAPPING events from decorations provider vscode.git 2524
2023-05-23 18:50:58.384 [warning] [Decorations] CAPPING events from decorations provider vscode.git 2524
2023-05-23 18:51:03.489 [warning] [Decorations] CAPPING events from decorations provider vscode.git 2524
2023-05-23 18:51:08.601 [warning] [Decorations] CAPPING events from decorations provider vscode.git 2524
2023-05-23 18:51:13.736 [warning] [Decorations] CAPPING events from decorations provider vscode.git 2524
2023-05-23 18:51:18.835 [warning] [Decorations] CAPPING events from decorations provider vscode.git 2524
2023-05-23 18:51:23.956 [warning] [Decorations] CAPPING events from decorations provider vscode.git 2524
2023-05-23 18:51:29.063 [warning] [Decorations] CAPPING events from decorations provider vscode.git 2524
2023-05-23 18:51:34.165 [warning] [Decorations] CAPPING events from decorations provider vscode.git 2524
2023-05-23 18:51:39.274 [warning] [Decorations] CAPPING events from decorations provider vscode.git 2524
2023-05-23 18:51:44.382 [warning] [Decorations] CAPPING events from decorations provider vscode.git 2524
2023-05-23 18:51:49.507 [warning] [Decorations] CAPPING events from decorations provider vscode.git 2524
2023-05-23 18:51:54.630 [warning] [Decorations] CAPPING events from decorations provider vscode.git 2524
2023-05-23 18:51:59.750 [warning] [Decorations] CAPPING events from decorations provider vscode.git 2524
2023-05-23 18:52:01.836 [warning] [Decorations] CAPPING events from decorations provider vscode.git 2524
2023-05-23 18:52:04.898 [warning] [Decorations] CAPPING events from decorations provider vscode.git 2524
2023-05-23 18:52:09.996 [warning] [Decorations] CAPPING events from decorations provider vscode.git 2524
2023-05-23 18:52:15.091 [warning] [Decorations] CAPPING events from decorations provider vscode.git 2524
2023-05-23 18:52:20.199 [warning] [Decorations] CAPPING events from decorations provider vscode.git 2524
2023-05-23 18:52:25.299 [warning] [Decorations] CAPPING events from decorations provider vscode.git 2524
2023-05-23 18:52:30.401 [warning] [Decorations] CAPPING events from decorations provider vscode.git 2524
2023-05-23 18:52:35.505 [warning] [Decorations] CAPPING events from decorations provider vscode.git 2524
2023-05-23 18:52:40.620 [warning] [Decorations] CAPPING events from decorations provider vscode.git 2524
2023-05-23 18:52:45.709 [warning] [Decorations] CAPPING events from decorations provider vscode.git 2524
2023-05-23 18:52:50.834 [warning] [Decorations] CAPPING events from decorations provider vscode.git 2524
2023-05-23 18:52:55.928 [warning] [Decorations] CAPPING events from decorations provider vscode.git 2524
2023-05-23 18:53:01.037 [warning] [Decorations] CAPPING events from decorations provider vscode.git 2524
2023-05-23 18:53:06.133 [warning] [Decorations] CAPPING events from decorations provider vscode.git 2524
2023-05-23 18:53:11.225 [warning] [Decorations] CAPPING events from decorations provider vscode.git 2524
2023-05-23 18:53:16.320 [warning] [Decorations] CAPPING events from decorations provider vscode.git 2524
2023-05-23 18:53:21.418 [warning] [Decorations] CAPPING events from decorations provider vscode.git 2524
2023-05-23 18:53:26.519 [warning] [Decorations] CAPPING events from decorations provider vscode.git 2524
2023-05-23 18:53:31.613 [warning] [Decorations] CAPPING events from decorations provider vscode.git 2524
2023-05-23 18:53:36.715 [warning] [Decorations] CAPPING events from decorations provider vscode.git 2524
2023-05-23 18:53:41.823 [warning] [Decorations] CAPPING events from decorations provider vscode.git 2525
2023-05-23 18:54:20.398 [warning] [Decorations] CAPPING events from decorations provider vscode.git 2525
2023-05-23 18:54:25.501 [warning] [Decorations] CAPPING events from decorations provider vscode.git 2525
2023-05-23 18:55:54.302 [warning] [Decorations] CAPPING events from decorations provider vscode.git 2525
2023-05-23 18:55:54.970 [warning] [Decorations] CAPPING events from decorations provider vscode.git 2525
2023-05-23 18:55:59.396 [warning] [Decorations] CAPPING events from decorations provider vscode.git 2525
2023-05-23 18:56:04.530 [warning] [Decorations] CAPPING events from decorations provider vscode.git 2525
2023-05-23 18:56:09.637 [warning] [Decorations] CAPPING events from decorations provider vscode.git 2525
2023-05-23 18:56:14.728 [warning] [Decorations] CAPPING events from decorations provider vscode.git 2525
2023-05-23 18:56:19.823 [warning] [Decorations] CAPPING events from decorations provider vscode.git 2525
2023-05-23 18:56:24.915 [warning] [Decorations] CAPPING events from decorations provider vscode.git 2525
2023-05-23 18:56:30.014 [warning] [Decorations] CAPPING events from decorations provider vscode.git 2525
2023-05-23 18:56:35.107 [warning] [Decorations] CAPPING events from decorations provider vscode.git 2525
2023-05-23 18:56:40.197 [warning] [Decorations] CAPPING events from decorations provider vscode.git 2525
2023-05-23 18:56:45.298 [warning] [Decorations] CAPPING events from decorations provider vscode.git 2525
2023-05-23 18:56:50.394 [warning] [Decorations] CAPPING events from decorations provider vscode.git 2525
2023-05-23 18:56:55.547 [warning] [Decorations] CAPPING events from decorations provider vscode.git 2525
2023-05-23 18:57:00.662 [warning] [Decorations] CAPPING events from decorations provider vscode.git 2525
2023-05-23 18:57:05.772 [warning] [Decorations] CAPPING events from decorations provider vscode.git 2525
2023-05-23 18:57:10.875 [warning] [Decorations] CAPPING events from decorations provider vscode.git 2526
2023-05-23 18:57:21.679 [warning] [Decorations] CAPPING events from decorations provider vscode.git 2526
2023-05-23 18:57:26.784 [warning] [Decorations] CAPPING events from decorations provider vscode.git 2526
2023-05-23 18:57:31.876 [warning] [Decorations] CAPPING events from decorations provider vscode.git 2526
2023-05-23 18:57:36.970 [warning] [Decorations] CAPPING events from decorations provider vscode.git 2526
2023-05-23 18:57:42.064 [warning] [Decorations] CAPPING events from decorations provider vscode.git 2527
2023-05-23 18:58:58.421 [warning] [Decorations] CAPPING events from decorations provider vscode.git 2527
2023-05-23 18:58:59.070 [warning] [Decorations] CAPPING events from decorations provider vscode.git 2527
2023-05-23 18:59:03.515 [warning] [Decorations] CAPPING events from decorations provider vscode.git 2527
2023-05-23 18:59:32.093 [warning] [Decorations] CAPPING events from decorations provider vscode.git 2527
2023-05-23 18:59:37.191 [warning] [Decorations] CAPPING events from decorations provider vscode.git 2527
2023-05-23 18:59:42.311 [warning] [Decorations] CAPPING events from decorations provider vscode.git 2527
2023-05-23 18:59:47.416 [warning] [Decorations] CAPPING events from decorations provider vscode.git 2528
2023-05-23 18:59:52.507 [warning] [Decorations] CAPPING events from decorations provider vscode.git 2528
2023-05-23 19:00:25.484 [warning] [Decorations] CAPPING events from decorations provider vscode.git 2528
2023-05-23 19:00:30.581 [warning] [Decorations] CAPPING events from decorations provider vscode.git 2528
2023-05-23 19:00:35.677 [warning] [Decorations] CAPPING events from decorations provider vscode.git 2528
2023-05-23 19:00:40.778 [warning] [Decorations] CAPPING events from decorations provider vscode.git 2528
2023-05-23 19:00:45.872 [warning] [Decorations] CAPPING events from decorations provider vscode.git 2528
2023-05-23 19:00:50.969 [warning] [Decorations] CAPPING events from decorations provider vscode.git 2528
2023-05-23 19:00:56.068 [warning] [Decorations] CAPPING events from decorations provider vscode.git 2528
2023-05-23 19:01:01.179 [warning] [Decorations] CAPPING events from decorations provider vscode.git 2528
2023-05-23 19:01:06.281 [warning] [Decorations] CAPPING events from decorations provider vscode.git 2528
2023-05-23 19:01:11.381 [warning] [Decorations] CAPPING events from decorations provider vscode.git 2528
2023-05-23 19:05:47.962 [warning] [Decorations] CAPPING events from decorations provider vscode.git 2528
2023-05-23 19:05:48.597 [warning] [Decorations] CAPPING events from decorations provider vscode.git 2528
2023-05-23 19:05:53.067 [warning] [Decorations] CAPPING events from decorations provider vscode.git 2528
2023-05-23 19:05:58.208 [warning] [Decorations] CAPPING events from decorations provider vscode.git 2528
2023-05-23 19:06:03.313 [warning] [Decorations] CAPPING events from decorations provider vscode.git 2528
2023-05-23 19:06:08.454 [warning] [Decorations] CAPPING events from decorations provider vscode.git 2528
2023-05-23 19:06:13.550 [warning] [Decorations] CAPPING events from decorations provider vscode.git 2528
2023-05-23 19:06:18.661 [warning] [Decorations] CAPPING events from decorations provider vscode.git 2528
2023-05-23 19:06:23.778 [warning] [Decorations] CAPPING events from decorations provider vscode.git 2528
2023-05-23 19:06:28.876 [warning] [Decorations] CAPPING events from decorations provider vscode.git 2528
2023-05-23 19:06:34.015 [warning] [Decorations] CAPPING events from decorations provider vscode.git 2528
2023-05-23 19:06:40.077 [warning] [Decorations] CAPPING events from decorations provider vscode.git 2528
2023-05-23 19:15:43.014 [warning] [Decorations] CAPPING events from decorations provider vscode.git 2528
2023-05-23 19:15:43.670 [warning] [Decorations] CAPPING events from decorations provider vscode.git 2528
2023-05-23 19:15:48.119 [warning] [Decorations] CAPPING events from decorations provider vscode.git 2528
2023-05-23 19:15:53.212 [warning] [Decorations] CAPPING events from decorations provider vscode.git 2528
2023-05-23 19:15:58.309 [warning] [Decorations] CAPPING events from decorations provider vscode.git 2528
2023-05-23 19:16:03.457 [warning] [Decorations] CAPPING events from decorations provider vscode.git 2528
2023-05-23 19:16:08.551 [warning] [Decorations] CAPPING events from decorations provider vscode.git 2528
2023-05-23 19:16:13.681 [warning] [Decorations] CAPPING events from decorations provider vscode.git 2528
2023-05-23 19:16:18.782 [warning] [Decorations] CAPPING events from decorations provider vscode.git 2528
2023-05-23 19:16:23.930 [warning] [Decorations] CAPPING events from decorations provider vscode.git 2528
2023-05-23 19:16:29.023 [warning] [Decorations] CAPPING events from decorations provider vscode.git 2528
2023-05-23 19:16:34.152 [warning] [Decorations] CAPPING events from decorations provider vscode.git 2528
2023-05-23 19:16:39.718 [warning] [Decorations] CAPPING events from decorations provider vscode.git 2528
2023-05-23 19:16:44.814 [warning] [Decorations] CAPPING events from decorations provider vscode.git 2528
2023-05-23 19:16:49.943 [warning] [Decorations] CAPPING events from decorations provider vscode.git 2528
2023-05-23 19:16:55.042 [warning] [Decorations] CAPPING events from decorations provider vscode.git 2528
2023-05-23 19:17:00.144 [warning] [Decorations] CAPPING events from decorations provider vscode.git 2528
2023-05-23 19:17:26.000 [warning] [Decorations] CAPPING events from decorations provider vscode.git 2528
2023-05-23 19:17:31.097 [warning] [Decorations] CAPPING events from decorations provider vscode.git 2528
2023-05-23 19:17:36.190 [warning] [Decorations] CAPPING events from decorations provider vscode.git 2528
2023-05-23 19:17:41.287 [warning] [Decorations] CAPPING events from decorations provider vscode.git 2528
2023-05-23 19:17:46.381 [warning] [Decorations] CAPPING events from decorations provider vscode.git 2528
2023-05-23 19:17:51.476 [warning] [Decorations] CAPPING events from decorations provider vscode.git 2528
2023-05-23 19:17:56.579 [warning] [Decorations] CAPPING events from decorations provider vscode.git 2528
2023-05-23 19:18:01.671 [warning] [Decorations] CAPPING events from decorations provider vscode.git 2528
2023-05-23 19:18:06.767 [warning] [Decorations] CAPPING events from decorations provider vscode.git 2528
2023-05-23 19:18:11.863 [warning] [Decorations] CAPPING events from decorations provider vscode.git 2528
2023-05-23 19:18:16.954 [warning] [Decorations] CAPPING events from decorations provider vscode.git 2528
2023-05-23 19:18:22.064 [warning] [Decorations] CAPPING events from decorations provider vscode.git 2528
2023-05-23 19:18:27.166 [warning] [Decorations] CAPPING events from decorations provider vscode.git 2528
2023-05-23 19:18:32.280 [warning] [Decorations] CAPPING events from decorations provider vscode.git 2528
2023-05-23 19:18:49.850 [warning] [Decorations] CAPPING events from decorations provider vscode.git 2528
2023-05-23 19:18:50.430 [warning] [Decorations] CAPPING events from decorations provider vscode.git 2529
2023-05-23 19:19:25.191 [warning] [Decorations] CAPPING events from decorations provider vscode.git 2529
2023-05-23 19:23:15.623 [warning] [Decorations] CAPPING events from decorations provider vscode.git 2529
2023-05-23 19:23:16.274 [warning] [Decorations] CAPPING events from decorations provider vscode.git 2529
2023-05-23 19:23:20.752 [warning] [Decorations] CAPPING events from decorations provider vscode.git 2529
2023-05-23 19:23:25.845 [warning] [Decorations] CAPPING events from decorations provider vscode.git 2529
2023-05-23 19:23:30.974 [warning] [Decorations] CAPPING events from decorations provider vscode.git 2529
2023-05-23 19:23:36.068 [warning] [Decorations] CAPPING events from decorations provider vscode.git 2529
2023-05-23 19:23:41.160 [warning] [Decorations] CAPPING events from decorations provider vscode.git 2529
2023-05-23 19:23:46.246 [warning] [Decorations] CAPPING events from decorations provider vscode.git 2529
2023-05-23 19:23:51.337 [warning] [Decorations] CAPPING events from decorations provider vscode.git 2529
2023-05-23 19:23:56.427 [warning] [Decorations] CAPPING events from decorations provider vscode.git 2529
2023-05-23 19:24:01.523 [warning] [Decorations] CAPPING events from decorations provider vscode.git 2529
2023-05-23 19:24:06.612 [warning] [Decorations] CAPPING events from decorations provider vscode.git 2529
2023-05-23 19:24:11.708 [warning] [Decorations] CAPPING events from decorations provider vscode.git 2529
2023-05-23 19:24:16.801 [warning] [Decorations] CAPPING events from decorations provider vscode.git 2529
2023-05-23 19:24:21.893 [warning] [Decorations] CAPPING events from decorations provider vscode.git 2529
2023-05-23 19:24:26.983 [warning] [Decorations] CAPPING events from decorations provider vscode.git 2529
2023-05-23 19:24:32.070 [warning] [Decorations] CAPPING events from decorations provider vscode.git 2529
2023-05-23 19:24:37.159 [warning] [Decorations] CAPPING events from decorations provider vscode.git 2529
2023-05-23 19:24:42.289 [warning] [Decorations] CAPPING events from decorations provider vscode.git 2529
2023-05-23 19:24:47.386 [warning] [Decorations] CAPPING events from decorations provider vscode.git 2529
2023-05-23 19:24:52.486 [warning] [Decorations] CAPPING events from decorations provider vscode.git 2529
2023-05-23 19:24:57.575 [warning] [Decorations] CAPPING events from decorations provider vscode.git 2529
2023-05-23 19:26:17.843 [warning] [Decorations] CAPPING events from decorations provider vscode.git 2530
2023-05-23 19:26:18.461 [warning] [Decorations] CAPPING events from decorations provider vscode.git 2530
2023-05-23 19:26:22.964 [warning] [Decorations] CAPPING events from decorations provider vscode.git 2530
2023-05-23 19:26:28.052 [warning] [Decorations] CAPPING events from decorations provider vscode.git 2530
2023-05-23 19:26:33.180 [warning] [Decorations] CAPPING events from decorations provider vscode.git 2530
2023-05-23 19:26:38.268 [warning] [Decorations] CAPPING events from decorations provider vscode.git 2530
2023-05-23 19:26:43.363 [warning] [Decorations] CAPPING events from decorations provider vscode.git 2530
2023-05-23 19:26:48.492 [warning] [Decorations] CAPPING events from decorations provider vscode.git 2530
2023-05-23 19:28:22.831 [warning] [Decorations] CAPPING events from decorations provider vscode.git 2530
2023-05-23 19:28:27.926 [warning] [Decorations] CAPPING events from decorations provider vscode.git 2530
2023-05-23 19:28:56.917 [warning] [Decorations] CAPPING events from decorations provider vscode.git 2530
2023-05-23 19:29:02.055 [warning] [Decorations] CAPPING events from decorations provider vscode.git 2530
2023-05-23 19:29:07.146 [warning] [Decorations] CAPPING events from decorations provider vscode.git 2530
2023-05-23 19:29:12.236 [warning] [Decorations] CAPPING events from decorations provider vscode.git 2531
2023-05-23 19:29:17.342 [warning] [Decorations] CAPPING events from decorations provider vscode.git 2531
2023-05-23 19:29:19.042 [warning] [Decorations] CAPPING events from decorations provider vscode.git 2531
2023-05-23 19:29:22.432 [warning] [Decorations] CAPPING events from decorations provider vscode.git 2532
2023-05-23 19:29:33.907 [warning] [Decorations] CAPPING events from decorations provider vscode.git 2532
2023-05-23 19:29:39.026 [warning] [Decorations] CAPPING events from decorations provider vscode.git 2532
2023-05-23 19:29:54.452 [warning] [Decorations] CAPPING events from decorations provider vscode.git 2533
2023-05-23 19:30:19.926 [warning] [Decorations] CAPPING events from decorations provider vscode.git 2533
2023-05-23 19:30:25.026 [warning] [Decorations] CAPPING events from decorations provider vscode.git 2533
2023-05-23 19:30:30.174 [warning] [Decorations] CAPPING events from decorations provider vscode.git 2534
2023-05-23 19:30:35.264 [warning] [Decorations] CAPPING events from decorations provider vscode.git 2534
2023-05-23 19:31:22.936 [warning] [Decorations] CAPPING events from decorations provider vscode.git 2534
2023-05-23 19:31:28.038 [warning] [Decorations] CAPPING events from decorations provider vscode.git 2534
2023-05-23 19:31:33.245 [warning] [Decorations] CAPPING events from decorations provider vscode.git 2534
2023-05-23 19:31:38.396 [warning] [Decorations] CAPPING events from decorations provider vscode.git 2534
2023-05-23 19:31:43.493 [warning] [Decorations] CAPPING events from decorations provider vscode.git 2534
2023-05-23 19:31:48.696 [warning] [Decorations] CAPPING events from decorations provider vscode.git 2534
2023-05-23 19:31:53.917 [warning] [Decorations] CAPPING events from decorations provider vscode.git 2534
2023-05-23 19:37:17.390 [warning] [Decorations] CAPPING events from decorations provider vscode.git 2534
2023-05-23 19:37:18.072 [warning] [Decorations] CAPPING events from decorations provider vscode.git 2534
2023-05-23 19:37:22.482 [warning] [Decorations] CAPPING events from decorations provider vscode.git 2534
2023-05-23 19:37:27.611 [warning] [Decorations] CAPPING events from decorations provider vscode.git 2534
2023-05-23 19:37:32.698 [warning] [Decorations] CAPPING events from decorations provider vscode.git 2534
2023-05-23 19:38:20.195 [warning] [Decorations] CAPPING events from decorations provider vscode.git 2534
2023-05-23 19:38:25.284 [warning] [Decorations] CAPPING events from decorations provider vscode.git 2534
2023-05-23 19:38:30.410 [warning] [Decorations] CAPPING events from decorations provider vscode.git 2534
2023-05-23 19:38:35.555 [warning] [Decorations] CAPPING events from decorations provider vscode.git 2534
2023-05-23 19:38:40.642 [warning] [Decorations] CAPPING events from decorations provider vscode.git 2534
2023-05-23 19:38:45.751 [warning] [Decorations] CAPPING events from decorations provider vscode.git 2534
2023-05-23 19:38:50.842 [warning] [Decorations] CAPPING events from decorations provider vscode.git 2534
2023-05-23 19:38:55.936 [warning] [Decorations] CAPPING events from decorations provider vscode.git 2534
2023-05-23 19:39:01.035 [warning] [Decorations] CAPPING events from decorations provider vscode.git 2534
2023-05-23 19:39:06.156 [warning] [Decorations] CAPPING events from decorations provider vscode.git 2534
2023-05-23 19:39:11.257 [warning] [Decorations] CAPPING events from decorations provider vscode.git 2534
2023-05-23 19:39:16.350 [warning] [Decorations] CAPPING events from decorations provider vscode.git 2534
2023-05-23 19:39:21.480 [warning] [Decorations] CAPPING events from decorations provider vscode.git 2534
2023-05-23 19:39:26.601 [warning] [Decorations] CAPPING events from decorations provider vscode.git 2534
2023-05-23 19:39:31.698 [warning] [Decorations] CAPPING events from decorations provider vscode.git 2534
2023-05-23 19:39:36.834 [warning] [Decorations] CAPPING events from decorations provider vscode.git 2534
2023-05-23 19:39:41.922 [warning] [Decorations] CAPPING events from decorations provider vscode.git 2534
2023-05-23 19:39:47.043 [warning] [Decorations] CAPPING events from decorations provider vscode.git 2534
2023-05-23 19:39:52.140 [warning] [Decorations] CAPPING events from decorations provider vscode.git 2534
2023-05-23 19:39:57.238 [warning] [Decorations] CAPPING events from decorations provider vscode.git 2534
2023-05-23 19:40:02.324 [warning] [Decorations] CAPPING events from decorations provider vscode.git 2534
2023-05-23 19:40:07.463 [warning] [Decorations] CAPPING events from decorations provider vscode.git 2534
2023-05-23 19:40:12.552 [warning] [Decorations] CAPPING events from decorations provider vscode.git 2534
2023-05-23 19:40:17.684 [warning] [Decorations] CAPPING events from decorations provider vscode.git 2534
2023-05-23 19:40:18.731 [warning] [Decorations] CAPPING events from decorations provider vscode.git 2534
2023-05-23 19:40:22.771 [warning] [Decorations] CAPPING events from decorations provider vscode.git 2534
2023-05-23 19:40:27.861 [warning] [Decorations] CAPPING events from decorations provider vscode.git 2534
2023-05-23 19:40:32.953 [warning] [Decorations] CAPPING events from decorations provider vscode.git 2534
2023-05-23 19:40:38.055 [warning] [Decorations] CAPPING events from decorations provider vscode.git 2534
2023-05-23 19:40:43.149 [warning] [Decorations] CAPPING events from decorations provider vscode.git 2534
2023-05-23 19:40:48.248 [warning] [Decorations] CAPPING events from decorations provider vscode.git 2534
2023-05-23 19:40:53.347 [warning] [Decorations] CAPPING events from decorations provider vscode.git 2534
2023-05-23 19:40:58.443 [warning] [Decorations] CAPPING events from decorations provider vscode.git 2534
2023-05-23 19:41:03.538 [warning] [Decorations] CAPPING events from decorations provider vscode.git 2534
2023-05-23 19:41:08.637 [warning] [Decorations] CAPPING events from decorations provider vscode.git 2534
2023-05-23 19:41:13.730 [warning] [Decorations] CAPPING events from decorations provider vscode.git 2534
2023-05-23 19:41:18.861 [warning] [Decorations] CAPPING events from decorations provider vscode.git 2534
2023-05-23 19:41:23.954 [warning] [Decorations] CAPPING events from decorations provider vscode.git 2534
2023-05-23 19:41:29.048 [warning] [Decorations] CAPPING events from decorations provider vscode.git 2534
2023-05-23 19:41:34.138 [warning] [Decorations] CAPPING events from decorations provider vscode.git 2534
2023-05-23 19:41:39.229 [warning] [Decorations] CAPPING events from decorations provider vscode.git 2534
2023-05-23 19:41:44.370 [warning] [Decorations] CAPPING events from decorations provider vscode.git 2534
2023-05-23 19:41:49.464 [warning] [Decorations] CAPPING events from decorations provider vscode.git 2534
2023-05-23 19:41:54.626 [warning] [Decorations] CAPPING events from decorations provider vscode.git 2534
2023-05-23 19:41:59.720 [warning] [Decorations] CAPPING events from decorations provider vscode.git 2534
2023-05-23 19:42:04.853 [warning] [Decorations] CAPPING events from decorations provider vscode.git 2534
2023-05-23 19:42:09.989 [warning] [Decorations] CAPPING events from decorations provider vscode.git 2534
2023-05-23 19:42:15.184 [warning] [Decorations] CAPPING events from decorations provider vscode.git 2534
2023-05-23 19:42:20.314 [warning] [Decorations] CAPPING events from decorations provider vscode.git 2534
2023-05-23 19:42:25.408 [warning] [Decorations] CAPPING events from decorations provider vscode.git 2534
2023-05-23 19:42:30.499 [warning] [Decorations] CAPPING events from decorations provider vscode.git 2534
2023-05-23 19:42:35.681 [warning] [Decorations] CAPPING events from decorations provider vscode.git 2534
2023-05-23 19:42:40.805 [warning] [Decorations] CAPPING events from decorations provider vscode.git 2534
2023-05-23 19:42:45.904 [warning] [Decorations] CAPPING events from decorations provider vscode.git 2534
2023-05-23 19:42:51.074 [warning] [Decorations] CAPPING events from decorations provider vscode.git 2534
2023-05-23 19:42:56.252 [warning] [Decorations] CAPPING events from decorations provider vscode.git 2534
2023-05-23 19:43:01.456 [warning] [Decorations] CAPPING events from decorations provider vscode.git 2534
2023-05-23 19:43:06.586 [warning] [Decorations] CAPPING events from decorations provider vscode.git 2534
2023-05-23 19:43:11.685 [warning] [Decorations] CAPPING events from decorations provider vscode.git 2534
2023-05-23 19:43:16.841 [warning] [Decorations] CAPPING events from decorations provider vscode.git 2534
2023-05-23 19:43:19.273 [warning] [Decorations] CAPPING events from decorations provider vscode.git 2534
2023-05-23 19:43:21.998 [warning] [Decorations] CAPPING events from decorations provider vscode.git 2534
2023-05-23 19:43:27.092 [warning] [Decorations] CAPPING events from decorations provider vscode.git 2534
2023-05-23 19:43:32.223 [warning] [Decorations] CAPPING events from decorations provider vscode.git 2534
2023-05-23 19:43:37.317 [warning] [Decorations] CAPPING events from decorations provider vscode.git 2534
2023-05-23 19:43:42.406 [warning] [Decorations] CAPPING events from decorations provider vscode.git 2534
2023-05-23 19:43:47.539 [warning] [Decorations] CAPPING events from decorations provider vscode.git 2534
2023-05-23 19:43:52.627 [warning] [Decorations] CAPPING events from decorations provider vscode.git 2534
2023-05-23 19:43:57.720 [warning] [Decorations] CAPPING events from decorations provider vscode.git 2534
2023-05-23 19:44:02.815 [warning] [Decorations] CAPPING events from decorations provider vscode.git 2534
2023-05-23 19:44:07.911 [warning] [Decorations] CAPPING events from decorations provider vscode.git 2534
2023-05-23 19:44:13.045 [warning] [Decorations] CAPPING events from decorations provider vscode.git 2534
2023-05-23 19:44:18.133 [warning] [Decorations] CAPPING events from decorations provider vscode.git 2534
2023-05-23 19:44:23.267 [warning] [Decorations] CAPPING events from decorations provider vscode.git 2534
2023-05-23 19:44:28.432 [warning] [Decorations] CAPPING events from decorations provider vscode.git 2534
2023-05-23 19:44:33.523 [warning] [Decorations] CAPPING events from decorations provider vscode.git 2534
2023-05-23 19:44:38.617 [warning] [Decorations] CAPPING events from decorations provider vscode.git 2534
2023-05-23 19:44:43.709 [warning] [Decorations] CAPPING events from decorations provider vscode.git 2534
2023-05-23 19:44:48.816 [warning] [Decorations] CAPPING events from decorations provider vscode.git 2534
2023-05-23 19:44:53.943 [warning] [Decorations] CAPPING events from decorations provider vscode.git 2534
2023-05-23 19:44:59.036 [warning] [Decorations] CAPPING events from decorations provider vscode.git 2534
2023-05-23 19:45:04.155 [warning] [Decorations] CAPPING events from decorations provider vscode.git 2534
2023-05-23 19:45:09.254 [warning] [Decorations] CAPPING events from decorations provider vscode.git 2534
2023-05-23 19:45:14.353 [warning] [Decorations] CAPPING events from decorations provider vscode.git 2535
2023-05-23 19:48:22.260 [warning] [Decorations] CAPPING events from decorations provider vscode.git 2535
2023-05-23 19:48:22.919 [warning] [Decorations] CAPPING events from decorations provider vscode.git 2535
2023-05-23 19:48:27.352 [warning] [Decorations] CAPPING events from decorations provider vscode.git 2535
2023-05-23 19:48:32.509 [warning] [Decorations] CAPPING events from decorations provider vscode.git 2535
2023-05-23 19:48:37.601 [warning] [Decorations] CAPPING events from decorations provider vscode.git 2535
2023-05-23 19:48:42.710 [warning] [Decorations] CAPPING events from decorations provider vscode.git 2535
2023-05-23 19:48:48.588 [warning] [Decorations] CAPPING events from decorations provider vscode.git 2536
2023-05-23 20:03:32.780 [warning] [Decorations] CAPPING events from decorations provider vscode.git 2536
2023-05-23 20:03:36.623 [warning] [Decorations] CAPPING events from decorations provider vscode.git 2536
2023-05-23 20:03:57.510 [warning] [Decorations] CAPPING events from decorations provider vscode.git 2536
2023-05-23 20:04:18.552 [warning] [Decorations] CAPPING events from decorations provider vscode.git 2536
2023-05-23 20:04:23.662 [warning] [Decorations] CAPPING events from decorations provider vscode.git 2536
2023-05-23 20:04:28.783 [warning] [Decorations] CAPPING events from decorations provider vscode.git 2536
2023-05-23 20:04:33.908 [warning] [Decorations] CAPPING events from decorations provider vscode.git 2536
2023-05-23 20:04:38.999 [warning] [Decorations] CAPPING events from decorations provider vscode.git 2536
2023-05-23 20:04:44.103 [warning] [Decorations] CAPPING events from decorations provider vscode.git 2536
2023-05-23 20:04:49.195 [warning] [Decorations] CAPPING events from decorations provider vscode.git 2536
2023-05-23 20:04:54.288 [warning] [Decorations] CAPPING events from decorations provider vscode.git 2536
2023-05-23 20:04:59.368 [warning] [Decorations] CAPPING events from decorations provider vscode.git 2536
2023-05-23 20:05:04.509 [warning] [Decorations] CAPPING events from decorations provider vscode.git 2536
2023-05-23 20:05:09.640 [warning] [Decorations] CAPPING events from decorations provider vscode.git 2536
2023-05-23 20:05:14.804 [warning] [Decorations] CAPPING events from decorations provider vscode.git 2536
2023-05-23 20:05:19.964 [warning] [Decorations] CAPPING events from decorations provider vscode.git 2536
2023-05-23 20:05:25.071 [warning] [Decorations] CAPPING events from decorations provider vscode.git 2536
2023-05-23 20:05:30.175 [warning] [Decorations] CAPPING events from decorations provider vscode.git 2536
2023-05-23 20:05:35.267 [warning] [Decorations] CAPPING events from decorations provider vscode.git 2536
2023-05-23 20:05:40.395 [warning] [Decorations] CAPPING events from decorations provider vscode.git 2536
2023-05-23 20:05:45.489 [warning] [Decorations] CAPPING events from decorations provider vscode.git 2536
2023-05-23 20:05:50.598 [warning] [Decorations] CAPPING events from decorations provider vscode.git 2536
2023-05-23 20:05:55.690 [warning] [Decorations] CAPPING events from decorations provider vscode.git 2536
2023-05-23 20:06:00.779 [warning] [Decorations] CAPPING events from decorations provider vscode.git 2536
2023-05-23 20:06:05.864 [warning] [Decorations] CAPPING events from decorations provider vscode.git 2536
2023-05-23 20:06:10.954 [warning] [Decorations] CAPPING events from decorations provider vscode.git 2536
2023-05-23 20:06:16.047 [warning] [Decorations] CAPPING events from decorations provider vscode.git 2536
2023-05-23 20:06:21.138 [warning] [Decorations] CAPPING events from decorations provider vscode.git 2536
2023-05-23 20:06:26.243 [warning] [Decorations] CAPPING events from decorations provider vscode.git 2536
2023-05-23 20:06:31.384 [warning] [Decorations] CAPPING events from decorations provider vscode.git 2536
2023-05-23 20:06:36.558 [warning] [Decorations] CAPPING events from decorations provider vscode.git 2536
2023-05-23 20:06:37.307 [warning] [Decorations] CAPPING events from decorations provider vscode.git 2536
2023-05-23 20:06:41.633 [warning] [Decorations] CAPPING events from decorations provider vscode.git 2536
2023-05-23 20:06:46.717 [warning] [Decorations] CAPPING events from decorations provider vscode.git 2536
2023-05-23 20:06:51.788 [warning] [Decorations] CAPPING events from decorations provider vscode.git 2536
2023-05-23 20:06:56.884 [warning] [Decorations] CAPPING events from decorations provider vscode.git 2536
2023-05-23 20:07:01.982 [warning] [Decorations] CAPPING events from decorations provider vscode.git 2536
2023-05-23 20:07:07.077 [warning] [Decorations] CAPPING events from decorations provider vscode.git 2536
2023-05-23 20:07:12.172 [warning] [Decorations] CAPPING events from decorations provider vscode.git 2536
2023-05-23 20:07:17.268 [warning] [Decorations] CAPPING events from decorations provider vscode.git 2536
2023-05-23 20:07:22.372 [warning] [Decorations] CAPPING events from decorations provider vscode.git 2536
2023-05-23 20:07:27.476 [warning] [Decorations] CAPPING events from decorations provider vscode.git 2536
2023-05-23 20:07:32.577 [warning] [Decorations] CAPPING events from decorations provider vscode.git 2536
2023-05-23 20:07:37.695 [warning] [Decorations] CAPPING events from decorations provider vscode.git 2536
2023-05-23 20:07:42.814 [warning] [Decorations] CAPPING events from decorations provider vscode.git 2536
2023-05-23 20:07:47.925 [warning] [Decorations] CAPPING events from decorations provider vscode.git 2536
2023-05-23 20:07:53.078 [warning] [Decorations] CAPPING events from decorations provider vscode.git 2536
2023-05-23 20:07:58.167 [warning] [Decorations] CAPPING events from decorations provider vscode.git 2536
2023-05-23 20:08:03.260 [warning] [Decorations] CAPPING events from decorations provider vscode.git 2536
2023-05-23 20:08:08.355 [warning] [Decorations] CAPPING events from decorations provider vscode.git 2536
2023-05-23 20:08:13.502 [warning] [Decorations] CAPPING events from decorations provider vscode.git 2536
2023-05-23 20:08:18.609 [warning] [Decorations] CAPPING events from decorations provider vscode.git 2536
2023-05-23 20:08:23.723 [warning] [Decorations] CAPPING events from decorations provider vscode.git 2536
2023-05-23 20:08:28.901 [warning] [Decorations] CAPPING events from decorations provider vscode.git 2536
2023-05-23 20:08:34.027 [warning] [Decorations] CAPPING events from decorations provider vscode.git 2536
2023-05-23 20:08:39.127 [warning] [Decorations] CAPPING events from decorations provider vscode.git 2536
2023-05-23 20:08:44.310 [warning] [Decorations] CAPPING events from decorations provider vscode.git 2536
2023-05-23 20:08:49.404 [warning] [Decorations] CAPPING events from decorations provider vscode.git 2536
2023-05-23 20:08:54.499 [warning] [Decorations] CAPPING events from decorations provider vscode.git 2536
2023-05-23 20:08:59.643 [warning] [Decorations] CAPPING events from decorations provider vscode.git 2536
2023-05-23 20:09:04.740 [warning] [Decorations] CAPPING events from decorations provider vscode.git 2536
2023-05-23 20:09:09.831 [warning] [Decorations] CAPPING events from decorations provider vscode.git 2536
2023-05-23 20:09:14.925 [warning] [Decorations] CAPPING events from decorations provider vscode.git 2536
2023-05-23 20:09:20.071 [warning] [Decorations] CAPPING events from decorations provider vscode.git 2536
2023-05-23 20:09:25.162 [warning] [Decorations] CAPPING events from decorations provider vscode.git 2536
2023-05-23 20:09:30.324 [warning] [Decorations] CAPPING events from decorations provider vscode.git 2536
2023-05-23 20:09:35.420 [warning] [Decorations] CAPPING events from decorations provider vscode.git 2536
2023-05-23 20:09:37.875 [warning] [Decorations] CAPPING events from decorations provider vscode.git 2536
2023-05-23 20:09:40.600 [warning] [Decorations] CAPPING events from decorations provider vscode.git 2536
2023-05-23 20:09:45.684 [warning] [Decorations] CAPPING events from decorations provider vscode.git 2536
2023-05-23 20:09:50.777 [warning] [Decorations] CAPPING events from decorations provider vscode.git 2536
2023-05-23 20:09:55.875 [warning] [Decorations] CAPPING events from decorations provider vscode.git 2536
2023-05-23 20:10:00.968 [warning] [Decorations] CAPPING events from decorations provider vscode.git 2536
2023-05-23 20:10:06.075 [warning] [Decorations] CAPPING events from decorations provider vscode.git 2536
2023-05-23 20:10:11.171 [warning] [Decorations] CAPPING events from decorations provider vscode.git 2536
2023-05-23 20:10:16.269 [warning] [Decorations] CAPPING events from decorations provider vscode.git 2536
2023-05-23 20:10:21.413 [warning] [Decorations] CAPPING events from decorations provider vscode.git 2536
2023-05-23 20:10:26.507 [warning] [Decorations] CAPPING events from decorations provider vscode.git 2536
2023-05-23 20:10:31.644 [warning] [Decorations] CAPPING events from decorations provider vscode.git 2536
2023-05-23 20:10:36.742 [warning] [Decorations] CAPPING events from decorations provider vscode.git 2536
2023-05-23 20:10:41.834 [warning] [Decorations] CAPPING events from decorations provider vscode.git 2536
2023-05-23 20:10:46.930 [warning] [Decorations] CAPPING events from decorations provider vscode.git 2536
2023-05-23 20:10:52.022 [warning] [Decorations] CAPPING events from decorations provider vscode.git 2536
2023-05-23 20:10:57.139 [warning] [Decorations] CAPPING events from decorations provider vscode.git 2536
2023-05-23 20:11:02.232 [warning] [Decorations] CAPPING events from decorations provider vscode.git 2536
2023-05-23 20:11:07.338 [warning] [Decorations] CAPPING events from decorations provider vscode.git 2536
2023-05-23 20:11:12.435 [warning] [Decorations] CAPPING events from decorations provider vscode.git 2536
2023-05-23 20:11:17.522 [warning] [Decorations] CAPPING events from decorations provider vscode.git 2536
2023-05-23 20:11:22.616 [warning] [Decorations] CAPPING events from decorations provider vscode.git 2536
2023-05-23 20:11:27.715 [warning] [Decorations] CAPPING events from decorations provider vscode.git 2536
2023-05-23 20:11:32.818 [warning] [Decorations] CAPPING events from decorations provider vscode.git 2536
2023-05-23 20:11:37.911 [warning] [Decorations] CAPPING events from decorations provider vscode.git 2536
2023-05-23 20:11:43.087 [warning] [Decorations] CAPPING events from decorations provider vscode.git 2536
2023-05-23 20:11:48.178 [warning] [Decorations] CAPPING events from decorations provider vscode.git 2536
2023-05-23 20:11:53.268 [warning] [Decorations] CAPPING events from decorations provider vscode.git 2536
2023-05-23 20:11:58.392 [warning] [Decorations] CAPPING events from decorations provider vscode.git 2536
2023-05-23 20:12:03.534 [warning] [Decorations] CAPPING events from decorations provider vscode.git 2536
2023-05-23 20:12:08.625 [warning] [Decorations] CAPPING events from decorations provider vscode.git 2536
2023-05-23 20:12:13.754 [warning] [Decorations] CAPPING events from decorations provider vscode.git 2536
2023-05-23 20:12:18.853 [warning] [Decorations] CAPPING events from decorations provider vscode.git 2536
2023-05-23 20:12:23.946 [warning] [Decorations] CAPPING events from decorations provider vscode.git 2536
2023-05-23 20:12:29.074 [warning] [Decorations] CAPPING events from decorations provider vscode.git 2536
2023-05-23 20:12:34.164 [warning] [Decorations] CAPPING events from decorations provider vscode.git 2536
2023-05-23 20:12:38.452 [warning] [Decorations] CAPPING events from decorations provider vscode.git 2536
2023-05-23 20:12:39.439 [warning] [Decorations] CAPPING events from decorations provider vscode.git 2536
2023-05-23 20:12:44.530 [warning] [Decorations] CAPPING events from decorations provider vscode.git 2536
2023-05-23 20:12:49.631 [warning] [Decorations] CAPPING events from decorations provider vscode.git 2536
2023-05-23 20:12:54.768 [warning] [Decorations] CAPPING events from decorations provider vscode.git 2536
2023-05-23 20:12:59.876 [warning] [Decorations] CAPPING events from decorations provider vscode.git 2536
2023-05-23 20:13:04.975 [warning] [Decorations] CAPPING events from decorations provider vscode.git 2536
2023-05-23 20:13:10.067 [warning] [Decorations] CAPPING events from decorations provider vscode.git 2536
2023-05-23 20:13:15.167 [warning] [Decorations] CAPPING events from decorations provider vscode.git 2536
2023-05-23 20:13:20.260 [warning] [Decorations] CAPPING events from decorations provider vscode.git 2536
2023-05-23 20:13:25.351 [warning] [Decorations] CAPPING events from decorations provider vscode.git 2536
2023-05-23 20:13:30.443 [warning] [Decorations] CAPPING events from decorations provider vscode.git 2536
2023-05-23 20:13:35.533 [warning] [Decorations] CAPPING events from decorations provider vscode.git 2537
2023-05-23 20:13:40.636 [warning] [Decorations] CAPPING events from decorations provider vscode.git 2537
2023-05-23 20:13:45.726 [warning] [Decorations] CAPPING events from decorations provider vscode.git 2537
2023-05-23 20:13:50.829 [warning] [Decorations] CAPPING events from decorations provider vscode.git 2537
2023-05-23 20:13:55.922 [warning] [Decorations] CAPPING events from decorations provider vscode.git 2537
2023-05-23 20:14:07.249 [warning] [Decorations] CAPPING events from decorations provider vscode.git 2538
2023-05-23 20:14:12.358 [warning] [Decorations] CAPPING events from decorations provider vscode.git 2538
2023-05-23 20:14:29.481 [warning] [Decorations] CAPPING events from decorations provider vscode.git 2539
2023-05-23 20:14:34.572 [warning] [Decorations] CAPPING events from decorations provider vscode.git 2539
2023-05-23 20:14:39.666 [warning] [Decorations] CAPPING events from decorations provider vscode.git 2539
2023-05-23 20:14:44.844 [warning] [Decorations] CAPPING events from decorations provider vscode.git 2539
2023-05-23 20:14:49.941 [warning] [Decorations] CAPPING events from decorations provider vscode.git 2539
2023-05-23 20:14:55.030 [warning] [Decorations] CAPPING events from decorations provider vscode.git 2539
2023-05-23 20:15:01.259 [warning] [Decorations] CAPPING events from decorations provider vscode.git 2540
2023-05-23 20:15:06.364 [warning] [Decorations] CAPPING events from decorations provider vscode.git 2540
2023-05-23 20:15:11.455 [warning] [Decorations] CAPPING events from decorations provider vscode.git 2540
2023-05-23 20:17:01.932 [warning] [Decorations] CAPPING events from decorations provider vscode.git 2540
2023-05-23 20:17:02.515 [warning] [Decorations] CAPPING events from decorations provider vscode.git 2540
2023-05-23 20:17:07.027 [warning] [Decorations] CAPPING events from decorations provider vscode.git 2540
2023-05-23 20:18:03.014 [warning] [Decorations] CAPPING events from decorations provider vscode.git 2540
2023-05-23 20:18:08.110 [warning] [Decorations] CAPPING events from decorations provider vscode.git 2540
2023-05-23 20:18:13.198 [warning] [Decorations] CAPPING events from decorations provider vscode.git 2540
2023-05-23 20:18:18.293 [warning] [Decorations] CAPPING events from decorations provider vscode.git 2540
2023-05-23 20:18:23.378 [warning] [Decorations] CAPPING events from decorations provider vscode.git 2540
2023-05-23 20:18:28.474 [warning] [Decorations] CAPPING events from decorations provider vscode.git 2540
2023-05-23 20:18:33.580 [warning] [Decorations] CAPPING events from decorations provider vscode.git 2540
2023-05-23 20:18:38.671 [warning] [Decorations] CAPPING events from decorations provider vscode.git 2540
2023-05-23 20:18:43.786 [warning] [Decorations] CAPPING events from decorations provider vscode.git 2540
2023-05-23 20:19:50.352 [warning] [Decorations] CAPPING events from decorations provider vscode.git 2540
2023-05-23 20:19:55.448 [warning] [Decorations] CAPPING events from decorations provider vscode.git 2540
2023-05-23 20:20:00.547 [warning] [Decorations] CAPPING events from decorations provider vscode.git 2540
2023-05-23 20:20:03.135 [warning] [Decorations] CAPPING events from decorations provider vscode.git 2540
2023-05-23 20:20:05.651 [warning] [Decorations] CAPPING events from decorations provider vscode.git 2540
2023-05-23 20:20:10.802 [warning] [Decorations] CAPPING events from decorations provider vscode.git 2540
2023-05-23 20:20:15.898 [warning] [Decorations] CAPPING events from decorations provider vscode.git 2540
2023-05-23 20:20:21.032 [warning] [Decorations] CAPPING events from decorations provider vscode.git 2540
2023-05-23 20:21:18.534 [warning] [Decorations] CAPPING events from decorations provider vscode.git 2540
2023-05-23 20:21:23.629 [warning] [Decorations] CAPPING events from decorations provider vscode.git 2540
2023-05-23 20:21:28.718 [warning] [Decorations] CAPPING events from decorations provider vscode.git 2541
2023-05-23 20:21:33.881 [warning] [Decorations] CAPPING events from decorations provider vscode.git 2541
2023-05-23 20:34:55.762 [info] Extension host terminating: received terminate message from renderer
2023-05-23 20:34:55.763 [info] Lock '/home/centos/.vscode-server/data/User/workspaceStorage/577a03a6b49eaa8af7e20d50e6c86f65-1/vscode.lock': Marking the lockfile as scheduled to be released in 6000 ms.
2023-05-23 20:34:55.816 [error] Canceled: Canceled
	at new l (/home/centos/nodeapp/.vscode-server/bin/b3e4e68a0bc097f0ae7907b217c1119af9e03435/out/vs/workbench/api/node/extensionHostProcess.js:99:104563)
	at a.O (/home/centos/nodeapp/.vscode-server/bin/b3e4e68a0bc097f0ae7907b217c1119af9e03435/out/vs/workbench/api/node/extensionHostProcess.js:111:11657)
	at Proxy.H.<computed>.x.charCodeAt.H.<computed> (/home/centos/nodeapp/.vscode-server/bin/b3e4e68a0bc097f0ae7907b217c1119af9e03435/out/vs/workbench/api/node/extensionHostProcess.js:111:8947)
	at e.ExtHostCommands.g (/home/centos/nodeapp/.vscode-server/bin/b3e4e68a0bc097f0ae7907b217c1119af9e03435/out/vs/workbench/api/node/extensionHostProcess.js:99:124729)
	at e.ExtHostCommands.executeCommand (/home/centos/nodeapp/.vscode-server/bin/b3e4e68a0bc097f0ae7907b217c1119af9e03435/out/vs/workbench/api/node/extensionHostProcess.js:99:124105)
	at C.registerCommand.description (/home/centos/nodeapp/.vscode-server/bin/b3e4e68a0bc097f0ae7907b217c1119af9e03435/out/vs/workbench/api/node/extensionHostProcess.js:99:123398)
	at e.ExtHostCommands.h (/home/centos/nodeapp/.vscode-server/bin/b3e4e68a0bc097f0ae7907b217c1119af9e03435/out/vs/workbench/api/node/extensionHostProcess.js:99:125315)
	at e.ExtHostCommands.g (/home/centos/nodeapp/.vscode-server/bin/b3e4e68a0bc097f0ae7907b217c1119af9e03435/out/vs/workbench/api/node/extensionHostProcess.js:99:124205)
	at e.ExtHostCommands.executeCommand (/home/centos/nodeapp/.vscode-server/bin/b3e4e68a0bc097f0ae7907b217c1119af9e03435/out/vs/workbench/api/node/extensionHostProcess.js:99:124105)
	at Object.executeCommand (/home/centos/nodeapp/.vscode-server/bin/b3e4e68a0bc097f0ae7907b217c1119af9e03435/out/vs/workbench/api/node/extensionHostProcess.js:117:24043)
	at D (/home/centos/nodeapp/.vscode-server/bin/b3e4e68a0bc097f0ae7907b217c1119af9e03435/extensions/git/dist/main.js:2:1259661)
	at v.invoke (/home/centos/nodeapp/.vscode-server/bin/b3e4e68a0bc097f0ae7907b217c1119af9e03435/out/vs/workbench/api/node/extensionHostProcess.js:63:145)
	at h.deliver (/home/centos/nodeapp/.vscode-server/bin/b3e4e68a0bc097f0ae7907b217c1119af9e03435/out/vs/workbench/api/node/extensionHostProcess.js:63:2121)
	at i.fire (/home/centos/nodeapp/.vscode-server/bin/b3e4e68a0bc097f0ae7907b217c1119af9e03435/out/vs/workbench/api/node/extensionHostProcess.js:63:1729)
	at Object.m [as dispose] (/home/centos/nodeapp/.vscode-server/bin/b3e4e68a0bc097f0ae7907b217c1119af9e03435/extensions/git/dist/main.js:2:1274494)
	at /home/centos/nodeapp/.vscode-server/bin/b3e4e68a0bc097f0ae7907b217c1119af9e03435/extensions/git/dist/main.js:2:1278940
	at Array.forEach (<anonymous>)
	at g.dispose (/home/centos/nodeapp/.vscode-server/bin/b3e4e68a0bc097f0ae7907b217c1119af9e03435/extensions/git/dist/main.js:2:1278926)
	at t.<anonymous> (/home/centos/nodeapp/.vscode-server/bin/b3e4e68a0bc097f0ae7907b217c1119af9e03435/out/vs/workbench/api/node/extensionHostProcess.js:97:12369)
	at t.dispose (/home/centos/nodeapp/.vscode-server/bin/b3e4e68a0bc097f0ae7907b217c1119af9e03435/out/vs/workbench/api/node/extensionHostProcess.js:97:12504)
	at t.<anonymous> (/home/centos/nodeapp/.vscode-server/bin/b3e4e68a0bc097f0ae7907b217c1119af9e03435/extensions/git/dist/main.js:2:1261791)
	at t.dispose (/home/centos/nodeapp/.vscode-server/bin/b3e4e68a0bc097f0ae7907b217c1119af9e03435/out/vs/workbench/api/node/extensionHostProcess.js:97:12504)
	at P (/home/centos/nodeapp/.vscode-server/bin/b3e4e68a0bc097f0ae7907b217c1119af9e03435/out/vs/workbench/api/node/extensionHostProcess.js:10:12080)
	at v.Y (/home/centos/nodeapp/.vscode-server/bin/b3e4e68a0bc097f0ae7907b217c1119af9e03435/out/vs/workbench/api/node/extensionHostProcess.js:113:11173)
	at /home/centos/nodeapp/.vscode-server/bin/b3e4e68a0bc097f0ae7907b217c1119af9e03435/out/vs/workbench/api/node/extensionHostProcess.js:113:9157
	at Array.map (<anonymous>)
	at v.R (/home/centos/nodeapp/.vscode-server/bin/b3e4e68a0bc097f0ae7907b217c1119af9e03435/out/vs/workbench/api/node/extensionHostProcess.js:113:9144)
	at v.terminate (/home/centos/nodeapp/.vscode-server/bin/b3e4e68a0bc097f0ae7907b217c1119af9e03435/out/vs/workbench/api/node/extensionHostProcess.js:113:9415)
	at d.terminate (/home/centos/nodeapp/.vscode-server/bin/b3e4e68a0bc097f0ae7907b217c1119af9e03435/out/vs/workbench/api/node/extensionHostProcess.js:117:1544)
	at g (/home/centos/nodeapp/.vscode-server/bin/b3e4e68a0bc097f0ae7907b217c1119af9e03435/out/vs/workbench/api/node/extensionHostProcess.js:127:34439)
	at /home/centos/nodeapp/.vscode-server/bin/b3e4e68a0bc097f0ae7907b217c1119af9e03435/out/vs/workbench/api/node/extensionHostProcess.js:127:32349
	at v.invoke (/home/centos/nodeapp/.vscode-server/bin/b3e4e68a0bc097f0ae7907b217c1119af9e03435/out/vs/workbench/api/node/extensionHostProcess.js:63:145)
	at h.deliver (/home/centos/nodeapp/.vscode-server/bin/b3e4e68a0bc097f0ae7907b217c1119af9e03435/out/vs/workbench/api/node/extensionHostProcess.js:63:2121)
	at i.fire (/home/centos/nodeapp/.vscode-server/bin/b3e4e68a0bc097f0ae7907b217c1119af9e03435/out/vs/workbench/api/node/extensionHostProcess.js:63:1729)
	at g.fire (/home/centos/nodeapp/.vscode-server/bin/b3e4e68a0bc097f0ae7907b217c1119af9e03435/out/vs/workbench/api/node/extensionHostProcess.js:72:14852)
	at u.E (/home/centos/nodeapp/.vscode-server/bin/b3e4e68a0bc097f0ae7907b217c1119af9e03435/out/vs/workbench/api/node/extensionHostProcess.js:72:18899)
	at /home/centos/nodeapp/.vscode-server/bin/b3e4e68a0bc097f0ae7907b217c1119af9e03435/out/vs/workbench/api/node/extensionHostProcess.js:72:18078
	at v.invoke (/home/centos/nodeapp/.vscode-server/bin/b3e4e68a0bc097f0ae7907b217c1119af9e03435/out/vs/workbench/api/node/extensionHostProcess.js:63:145)
	at h.deliver (/home/centos/nodeapp/.vscode-server/bin/b3e4e68a0bc097f0ae7907b217c1119af9e03435/out/vs/workbench/api/node/extensionHostProcess.js:63:2121)
	at i.fire (/home/centos/nodeapp/.vscode-server/bin/b3e4e68a0bc097f0ae7907b217c1119af9e03435/out/vs/workbench/api/node/extensionHostProcess.js:63:1729)
	at d.acceptChunk (/home/centos/nodeapp/.vscode-server/bin/b3e4e68a0bc097f0ae7907b217c1119af9e03435/out/vs/workbench/api/node/extensionHostProcess.js:72:12583)
	at /home/centos/nodeapp/.vscode-server/bin/b3e4e68a0bc097f0ae7907b217c1119af9e03435/out/vs/workbench/api/node/extensionHostProcess.js:72:11870
	at v.invoke (/home/centos/nodeapp/.vscode-server/bin/b3e4e68a0bc097f0ae7907b217c1119af9e03435/out/vs/workbench/api/node/extensionHostProcess.js:63:145)
	at h.deliver (/home/centos/nodeapp/.vscode-server/bin/b3e4e68a0bc097f0ae7907b217c1119af9e03435/out/vs/workbench/api/node/extensionHostProcess.js:63:2121)
	at i.fire (/home/centos/nodeapp/.vscode-server/bin/b3e4e68a0bc097f0ae7907b217c1119af9e03435/out/vs/workbench/api/node/extensionHostProcess.js:63:1729)
	at y.u (/home/centos/nodeapp/.vscode-server/bin/b3e4e68a0bc097f0ae7907b217c1119af9e03435/out/vs/workbench/api/node/extensionHostProcess.js:127:20019) setContext undefined
2023-05-23 20:34:55.984 [info] Extension host with pid 23911 exiting with code 0
