*
* Visual Studio Code Server
*
* By using the software, you agree to
* the Visual Studio Code Server License Terms (https://aka.ms/vscode-server-license) and
* the Microsoft Privacy Statement (https://privacy.microsoft.com/en-US/privacystatement).
*
Server bound to 127.0.0.1:44517 (IPv4)
Extension host agent listening on 44517

[17:10:57] 




[17:10:57] Extension host agent started.
[17:10:57] [127.0.0.1][ed9e5d97][ManagementConnection] New connection established.
[17:10:57] [127.0.0.1][05f56f30][ExtensionHostConnection] New connection established.
[17:10:58] [127.0.0.1][05f56f30][ExtensionHostConnection] <20263> Launched Extension Host Process.
[IPC Library: Pty Host]  WARN Shell integration cannot be enabled for executable "/bin/sh" and args [
  '-c',
  'wget --version > /dev/null\n' +
    'if [ $? -eq 0 ]\n' +
    'then\n' +
    "\twget --connect-timeout=7 --tries=1 --dns-timeout=7 -q --header='Metadata:true' -O - http://169.254.169.254/metadata/instance?api-version=2019-03-11\n" +
    'else\n' +
    '\tcurl --version > /dev/null\n' +
    '\tif [ $? -eq 0 ]\n' +
    '\tthen\n' +
    "\t\tcurl --connect-timeout 7 -s --header='Metadata:true' http://169.254.169.254/metadata/instance?api-version=2019-03-11\n" +
    '\tfi\n' +
    'fi\n' +
    'exit 0'
]
[IPC Library: Pty Host]  WARN Shell integration cannot be enabled for executable "/bin/sh" and args [
  '-c',
  'wget --version > /dev/null\n' +
    'if [ $? -eq 0 ]\n' +
    'then\n' +
    '\twget --connect-timeout=7 --tries=1 --dns-timeout=7 -q  -O - http://169.254.169.254/latest/meta-data/instance-id\n' +
    'else\n' +
    '\tcurl --version > /dev/null\n' +
    '\tif [ $? -eq 0 ]\n' +
    '\tthen\n' +
    '\t\tcurl --connect-timeout 7 -s  http://169.254.169.254/latest/meta-data/instance-id\n' +
    '\tfi\n' +
    'fi\n' +
    'exit 0'
]
[IPC Library: Pty Host]  WARN Shell integration cannot be enabled for executable "/bin/sh" and args [
  '-c',
  'wget --version > /dev/null\n' +
    'if [ $? -eq 0 ]\n' +
    'then\n' +
    '\twget --connect-timeout=7 --tries=1 --dns-timeout=7 -q  -O - http://169.254.169.254/metadata/v1/id\n' +
    'else\n' +
    '\tcurl --version > /dev/null\n' +
    '\tif [ $? -eq 0 ]\n' +
    '\tthen\n' +
    '\t\tcurl --connect-timeout 7 -s  http://169.254.169.254/metadata/v1/id\n' +
    '\tfi\n' +
    'fi\n' +
    'exit 0'
]
[IPC Library: Pty Host]  WARN Shell integration cannot be enabled for executable "/bin/sh" and args [
  '-c',
  'wget --version > /dev/null\n' +
    'if [ $? -eq 0 ]\n' +
    'then\n' +
    "\twget --connect-timeout=7 --tries=1 --dns-timeout=7 -q --header='Metadata-Flavor:Google' -O - http://metadata.google.internal/computeMetadata/v1/instance/id\n" +
    'else\n' +
    '\tcurl --version > /dev/null\n' +
    '\tif [ $? -eq 0 ]\n' +
    '\tthen\n' +
    "\t\tcurl --connect-timeout 7 -s --header='Metadata-Flavor:Google' http://metadata.google.internal/computeMetadata/v1/instance/id\n" +
    '\tfi\n' +
    'fi\n' +
    'exit 0'
]
[17:11:25] [127.0.0.1][ed9e5d97][ManagementConnection] The client has disconnected gracefully, so the connection will be disposed.
[17:11:25] [127.0.0.1][05f56f30][ExtensionHostConnection] <20263> Extension Host Process exited with code: 0, signal: null.
Cancelling previous shutdown timeout
[17:11:25] Cancelling previous shutdown timeout
Last EH closed, waiting before shutting down
[17:11:25] Last EH closed, waiting before shutting down
Got delay-shutdown request while in shutdown timeout, delaying
[17:11:31] Got delay-shutdown request while in shutdown timeout, delaying
Cancelling previous shutdown timeout
[17:11:31] Cancelling previous shutdown timeout
[17:11:31] [127.0.0.1][30898f2d][ManagementConnection] New connection established.
[17:11:31] [127.0.0.1][a2f14b7e][ExtensionHostConnection] New connection established.
[17:11:31] [127.0.0.1][a2f14b7e][ExtensionHostConnection] <20568> Launched Extension Host Process.
[IPC Library: Pty Host]  WARN Shell integration cannot be enabled for executable "/bin/sh" and args [
  '-c',
  'wget --version > /dev/null\n' +
    'if [ $? -eq 0 ]\n' +
    'then\n' +
    "\twget --connect-timeout=7 --tries=1 --dns-timeout=7 -q --header='Metadata:true' -O - http://169.254.169.254/metadata/instance?api-version=2019-03-11\n" +
    'else\n' +
    '\tcurl --version > /dev/null\n' +
    '\tif [ $? -eq 0 ]\n' +
    '\tthen\n' +
    "\t\tcurl --connect-timeout 7 -s --header='Metadata:true' http://169.254.169.254/metadata/instance?api-version=2019-03-11\n" +
    '\tfi\n' +
    'fi\n' +
    'exit 0'
]
[IPC Library: Pty Host]  WARN Shell integration cannot be enabled for executable "/bin/sh" and args [
  '-c',
  'wget --version > /dev/null\n' +
    'if [ $? -eq 0 ]\n' +
    'then\n' +
    '\twget --connect-timeout=7 --tries=1 --dns-timeout=7 -q  -O - http://169.254.169.254/latest/meta-data/instance-id\n' +
    'else\n' +
    '\tcurl --version > /dev/null\n' +
    '\tif [ $? -eq 0 ]\n' +
    '\tthen\n' +
    '\t\tcurl --connect-timeout 7 -s  http://169.254.169.254/latest/meta-data/instance-id\n' +
    '\tfi\n' +
    'fi\n' +
    'exit 0'
]
[IPC Library: Pty Host]  WARN Shell integration cannot be enabled for executable "/bin/sh" and args [
  '-c',
  'wget --version > /dev/null\n' +
    'if [ $? -eq 0 ]\n' +
    'then\n' +
    '\twget --connect-timeout=7 --tries=1 --dns-timeout=7 -q  -O - http://169.254.169.254/metadata/v1/id\n' +
    'else\n' +
    '\tcurl --version > /dev/null\n' +
    '\tif [ $? -eq 0 ]\n' +
    '\tthen\n' +
    '\t\tcurl --connect-timeout 7 -s  http://169.254.169.254/metadata/v1/id\n' +
    '\tfi\n' +
    'fi\n' +
    'exit 0'
]
[IPC Library: Pty Host]  WARN Shell integration cannot be enabled for executable "/bin/sh" and args [
  '-c',
  'wget --version > /dev/null\n' +
    'if [ $? -eq 0 ]\n' +
    'then\n' +
    "\twget --connect-timeout=7 --tries=1 --dns-timeout=7 -q --header='Metadata-Flavor:Google' -O - http://metadata.google.internal/computeMetadata/v1/instance/id\n" +
    'else\n' +
    '\tcurl --version > /dev/null\n' +
    '\tif [ $? -eq 0 ]\n' +
    '\tthen\n' +
    "\t\tcurl --connect-timeout 7 -s --header='Metadata-Flavor:Google' http://metadata.google.internal/computeMetadata/v1/instance/id\n" +
    '\tfi\n' +
    'fi\n' +
    'exit 0'
]
rejected promise not handled within 1 second: CodeExpectedError: Could not find pty on pty host
stack trace: CodeExpectedError: Could not find pty on pty host
    at E.L (/home/centos/nodeapp/.vscode-server/bin/b3e4e68a0bc097f0ae7907b217c1119af9e03435/out/vs/platform/terminal/node/ptyHostMain.js:28:6871)
    at E.updateTitle (/home/centos/nodeapp/.vscode-server/bin/b3e4e68a0bc097f0ae7907b217c1119af9e03435/out/vs/platform/terminal/node/ptyHostMain.js:28:2652)
    at Object.call (/home/centos/nodeapp/.vscode-server/bin/b3e4e68a0bc097f0ae7907b217c1119af9e03435/out/vs/platform/terminal/node/ptyHostMain.js:17:5093)
    at h.s (/home/centos/nodeapp/.vscode-server/bin/b3e4e68a0bc097f0ae7907b217c1119af9e03435/out/vs/platform/terminal/node/ptyHostMain.js:15:5445)
    at h.q (/home/centos/nodeapp/.vscode-server/bin/b3e4e68a0bc097f0ae7907b217c1119af9e03435/out/vs/platform/terminal/node/ptyHostMain.js:15:4936)
    at /home/centos/nodeapp/.vscode-server/bin/b3e4e68a0bc097f0ae7907b217c1119af9e03435/out/vs/platform/terminal/node/ptyHostMain.js:15:4341
    at c.invoke (/home/centos/nodeapp/.vscode-server/bin/b3e4e68a0bc097f0ae7907b217c1119af9e03435/out/vs/platform/terminal/node/ptyHostMain.js:11:145)
    at g.deliver (/home/centos/nodeapp/.vscode-server/bin/b3e4e68a0bc097f0ae7907b217c1119af9e03435/out/vs/platform/terminal/node/ptyHostMain.js:11:2125)
    at t.fire (/home/centos/nodeapp/.vscode-server/bin/b3e4e68a0bc097f0ae7907b217c1119af9e03435/out/vs/platform/terminal/node/ptyHostMain.js:11:1733)
    at process.U (/home/centos/nodeapp/.vscode-server/bin/b3e4e68a0bc097f0ae7907b217c1119af9e03435/out/vs/platform/terminal/node/ptyHostMain.js:9:21145)
    at process.emit (node:events:513:28)
    at emit (node:internal/child_process:939:14)
    at processTicksAndRejections (node:internal/process/task_queues:84:21)
[17:11:35] Error [CodeExpectedError]: Could not find pty on pty host
    at E.L (/home/centos/nodeapp/.vscode-server/bin/b3e4e68a0bc097f0ae7907b217c1119af9e03435/out/vs/platform/terminal/node/ptyHostMain.js:28:6871)
    at E.updateTitle (/home/centos/nodeapp/.vscode-server/bin/b3e4e68a0bc097f0ae7907b217c1119af9e03435/out/vs/platform/terminal/node/ptyHostMain.js:28:2652)
    at Object.call (/home/centos/nodeapp/.vscode-server/bin/b3e4e68a0bc097f0ae7907b217c1119af9e03435/out/vs/platform/terminal/node/ptyHostMain.js:17:5093)
    at h.s (/home/centos/nodeapp/.vscode-server/bin/b3e4e68a0bc097f0ae7907b217c1119af9e03435/out/vs/platform/terminal/node/ptyHostMain.js:15:5445)
    at h.q (/home/centos/nodeapp/.vscode-server/bin/b3e4e68a0bc097f0ae7907b217c1119af9e03435/out/vs/platform/terminal/node/ptyHostMain.js:15:4936)
    at /home/centos/nodeapp/.vscode-server/bin/b3e4e68a0bc097f0ae7907b217c1119af9e03435/out/vs/platform/terminal/node/ptyHostMain.js:15:4341
    at c.invoke (/home/centos/nodeapp/.vscode-server/bin/b3e4e68a0bc097f0ae7907b217c1119af9e03435/out/vs/platform/terminal/node/ptyHostMain.js:11:145)
    at g.deliver (/home/centos/nodeapp/.vscode-server/bin/b3e4e68a0bc097f0ae7907b217c1119af9e03435/out/vs/platform/terminal/node/ptyHostMain.js:11:2125)
    at t.fire (/home/centos/nodeapp/.vscode-server/bin/b3e4e68a0bc097f0ae7907b217c1119af9e03435/out/vs/platform/terminal/node/ptyHostMain.js:11:1733)
    at process.U (/home/centos/nodeapp/.vscode-server/bin/b3e4e68a0bc097f0ae7907b217c1119af9e03435/out/vs/platform/terminal/node/ptyHostMain.js:9:21145)
    at process.emit (node:events:513:28)
    at emit (node:internal/child_process:939:14)
    at processTicksAndRejections (node:internal/process/task_queues:84:21)
rejected promise not handled within 1 second: CodeExpectedError: Could not find pty on pty host
stack trace: CodeExpectedError: Could not find pty on pty host
    at E.L (/home/centos/nodeapp/.vscode-server/bin/b3e4e68a0bc097f0ae7907b217c1119af9e03435/out/vs/platform/terminal/node/ptyHostMain.js:28:6871)
    at E.updateIcon (/home/centos/nodeapp/.vscode-server/bin/b3e4e68a0bc097f0ae7907b217c1119af9e03435/out/vs/platform/terminal/node/ptyHostMain.js:28:2702)
    at Object.call (/home/centos/nodeapp/.vscode-server/bin/b3e4e68a0bc097f0ae7907b217c1119af9e03435/out/vs/platform/terminal/node/ptyHostMain.js:17:5093)
    at h.s (/home/centos/nodeapp/.vscode-server/bin/b3e4e68a0bc097f0ae7907b217c1119af9e03435/out/vs/platform/terminal/node/ptyHostMain.js:15:5445)
    at h.q (/home/centos/nodeapp/.vscode-server/bin/b3e4e68a0bc097f0ae7907b217c1119af9e03435/out/vs/platform/terminal/node/ptyHostMain.js:15:4936)
    at /home/centos/nodeapp/.vscode-server/bin/b3e4e68a0bc097f0ae7907b217c1119af9e03435/out/vs/platform/terminal/node/ptyHostMain.js:15:4341
    at c.invoke (/home/centos/nodeapp/.vscode-server/bin/b3e4e68a0bc097f0ae7907b217c1119af9e03435/out/vs/platform/terminal/node/ptyHostMain.js:11:145)
    at g.deliver (/home/centos/nodeapp/.vscode-server/bin/b3e4e68a0bc097f0ae7907b217c1119af9e03435/out/vs/platform/terminal/node/ptyHostMain.js:11:2125)
    at t.fire (/home/centos/nodeapp/.vscode-server/bin/b3e4e68a0bc097f0ae7907b217c1119af9e03435/out/vs/platform/terminal/node/ptyHostMain.js:11:1733)
    at process.U (/home/centos/nodeapp/.vscode-server/bin/b3e4e68a0bc097f0ae7907b217c1119af9e03435/out/vs/platform/terminal/node/ptyHostMain.js:9:21145)
    at process.emit (node:events:513:28)
    at emit (node:internal/child_process:939:14)
    at processTicksAndRejections (node:internal/process/task_queues:84:21)
[17:11:35] Error [CodeExpectedError]: Could not find pty on pty host
    at E.L (/home/centos/nodeapp/.vscode-server/bin/b3e4e68a0bc097f0ae7907b217c1119af9e03435/out/vs/platform/terminal/node/ptyHostMain.js:28:6871)
    at E.updateIcon (/home/centos/nodeapp/.vscode-server/bin/b3e4e68a0bc097f0ae7907b217c1119af9e03435/out/vs/platform/terminal/node/ptyHostMain.js:28:2702)
    at Object.call (/home/centos/nodeapp/.vscode-server/bin/b3e4e68a0bc097f0ae7907b217c1119af9e03435/out/vs/platform/terminal/node/ptyHostMain.js:17:5093)
    at h.s (/home/centos/nodeapp/.vscode-server/bin/b3e4e68a0bc097f0ae7907b217c1119af9e03435/out/vs/platform/terminal/node/ptyHostMain.js:15:5445)
    at h.q (/home/centos/nodeapp/.vscode-server/bin/b3e4e68a0bc097f0ae7907b217c1119af9e03435/out/vs/platform/terminal/node/ptyHostMain.js:15:4936)
    at /home/centos/nodeapp/.vscode-server/bin/b3e4e68a0bc097f0ae7907b217c1119af9e03435/out/vs/platform/terminal/node/ptyHostMain.js:15:4341
    at c.invoke (/home/centos/nodeapp/.vscode-server/bin/b3e4e68a0bc097f0ae7907b217c1119af9e03435/out/vs/platform/terminal/node/ptyHostMain.js:11:145)
    at g.deliver (/home/centos/nodeapp/.vscode-server/bin/b3e4e68a0bc097f0ae7907b217c1119af9e03435/out/vs/platform/terminal/node/ptyHostMain.js:11:2125)
    at t.fire (/home/centos/nodeapp/.vscode-server/bin/b3e4e68a0bc097f0ae7907b217c1119af9e03435/out/vs/platform/terminal/node/ptyHostMain.js:11:1733)
    at process.U (/home/centos/nodeapp/.vscode-server/bin/b3e4e68a0bc097f0ae7907b217c1119af9e03435/out/vs/platform/terminal/node/ptyHostMain.js:9:21145)
    at process.emit (node:events:513:28)
    at emit (node:internal/child_process:939:14)
    at processTicksAndRejections (node:internal/process/task_queues:84:21)
[17:11:57] [127.0.0.1][30898f2d][ManagementConnection] The client has disconnected gracefully, so the connection will be disposed.
[17:11:57] [127.0.0.1][a2f14b7e][ExtensionHostConnection] <20568> Extension Host Process exited with code: 0, signal: null.
Cancelling previous shutdown timeout
[17:11:57] Cancelling previous shutdown timeout
Last EH closed, waiting before shutting down
[17:11:57] Last EH closed, waiting before shutting down
Got delay-shutdown request while in shutdown timeout, delaying
[17:12:48] Got delay-shutdown request while in shutdown timeout, delaying
Cancelling previous shutdown timeout
[17:12:48] Cancelling previous shutdown timeout
[17:12:48] [127.0.0.1][4d2b8c2a][ManagementConnection] New connection established.
[17:12:48] [127.0.0.1][97104033][ExtensionHostConnection] New connection established.
[17:12:48] [127.0.0.1][97104033][ExtensionHostConnection] <21247> Launched Extension Host Process.
[IPC Library: Pty Host]  WARN Shell integration cannot be enabled for executable "/bin/sh" and args [
  '-c',
  'wget --version > /dev/null\n' +
    'if [ $? -eq 0 ]\n' +
    'then\n' +
    "\twget --connect-timeout=7 --tries=1 --dns-timeout=7 -q --header='Metadata:true' -O - http://169.254.169.254/metadata/instance?api-version=2019-03-11\n" +
    'else\n' +
    '\tcurl --version > /dev/null\n' +
    '\tif [ $? -eq 0 ]\n' +
    '\tthen\n' +
    "\t\tcurl --connect-timeout 7 -s --header='Metadata:true' http://169.254.169.254/metadata/instance?api-version=2019-03-11\n" +
    '\tfi\n' +
    'fi\n' +
    'exit 0'
]
[IPC Library: Pty Host]  WARN Shell integration cannot be enabled for executable "/bin/sh" and args [
  '-c',
  'wget --version > /dev/null\n' +
    'if [ $? -eq 0 ]\n' +
    'then\n' +
    '\twget --connect-timeout=7 --tries=1 --dns-timeout=7 -q  -O - http://169.254.169.254/latest/meta-data/instance-id\n' +
    'else\n' +
    '\tcurl --version > /dev/null\n' +
    '\tif [ $? -eq 0 ]\n' +
    '\tthen\n' +
    '\t\tcurl --connect-timeout 7 -s  http://169.254.169.254/latest/meta-data/instance-id\n' +
    '\tfi\n' +
    'fi\n' +
    'exit 0'
]
[IPC Library: Pty Host]  WARN Shell integration cannot be enabled for executable "/bin/sh" and args [
  '-c',
  'wget --version > /dev/null\n' +
    'if [ $? -eq 0 ]\n' +
    'then\n' +
    '\twget --connect-timeout=7 --tries=1 --dns-timeout=7 -q  -O - http://169.254.169.254/metadata/v1/id\n' +
    'else\n' +
    '\tcurl --version > /dev/null\n' +
    '\tif [ $? -eq 0 ]\n' +
    '\tthen\n' +
    '\t\tcurl --connect-timeout 7 -s  http://169.254.169.254/metadata/v1/id\n' +
    '\tfi\n' +
    'fi\n' +
    'exit 0'
]
[IPC Library: Pty Host]  WARN Shell integration cannot be enabled for executable "/bin/sh" and args [
  '-c',
  'wget --version > /dev/null\n' +
    'if [ $? -eq 0 ]\n' +
    'then\n' +
    "\twget --connect-timeout=7 --tries=1 --dns-timeout=7 -q --header='Metadata-Flavor:Google' -O - http://metadata.google.internal/computeMetadata/v1/instance/id\n" +
    'else\n' +
    '\tcurl --version > /dev/null\n' +
    '\tif [ $? -eq 0 ]\n' +
    '\tthen\n' +
    "\t\tcurl --connect-timeout 7 -s --header='Metadata-Flavor:Google' http://metadata.google.internal/computeMetadata/v1/instance/id\n" +
    '\tfi\n' +
    'fi\n' +
    'exit 0'
]
New EH opened, aborting shutdown
[17:17:48] New EH opened, aborting shutdown
[17:53:54] [127.0.0.1][816125ba][ManagementConnection] New connection established.
[17:53:54] [127.0.0.1][ced17843][ExtensionHostConnection] New connection established.
[17:53:54] [127.0.0.1][ced17843][ExtensionHostConnection] <23911> Launched Extension Host Process.
[IPC Library: Pty Host]  WARN Shell integration cannot be enabled for executable "/bin/sh" and args [
  '-c',
  'wget --version > /dev/null\n' +
    'if [ $? -eq 0 ]\n' +
    'then\n' +
    "\twget --connect-timeout=7 --tries=1 --dns-timeout=7 -q --header='Metadata:true' -O - http://169.254.169.254/metadata/instance?api-version=2019-03-11\n" +
    'else\n' +
    '\tcurl --version > /dev/null\n' +
    '\tif [ $? -eq 0 ]\n' +
    '\tthen\n' +
    "\t\tcurl --connect-timeout 7 -s --header='Metadata:true' http://169.254.169.254/metadata/instance?api-version=2019-03-11\n" +
    '\tfi\n' +
    'fi\n' +
    'exit 0'
]
[IPC Library: Pty Host]  WARN Shell integration cannot be enabled for executable "/bin/sh" and args [
  '-c',
  'wget --version > /dev/null\n' +
    'if [ $? -eq 0 ]\n' +
    'then\n' +
    '\twget --connect-timeout=7 --tries=1 --dns-timeout=7 -q  -O - http://169.254.169.254/latest/meta-data/instance-id\n' +
    'else\n' +
    '\tcurl --version > /dev/null\n' +
    '\tif [ $? -eq 0 ]\n' +
    '\tthen\n' +
    '\t\tcurl --connect-timeout 7 -s  http://169.254.169.254/latest/meta-data/instance-id\n' +
    '\tfi\n' +
    'fi\n' +
    'exit 0'
]
[IPC Library: Pty Host]  WARN Shell integration cannot be enabled for executable "/bin/sh" and args [
  '-c',
  'wget --version > /dev/null\n' +
    'if [ $? -eq 0 ]\n' +
    'then\n' +
    '\twget --connect-timeout=7 --tries=1 --dns-timeout=7 -q  -O - http://169.254.169.254/metadata/v1/id\n' +
    'else\n' +
    '\tcurl --version > /dev/null\n' +
    '\tif [ $? -eq 0 ]\n' +
    '\tthen\n' +
    '\t\tcurl --connect-timeout 7 -s  http://169.254.169.254/metadata/v1/id\n' +
    '\tfi\n' +
    'fi\n' +
    'exit 0'
]
[IPC Library: Pty Host]  WARN Shell integration cannot be enabled for executable "/bin/sh" and args [
  '-c',
  'wget --version > /dev/null\n' +
    'if [ $? -eq 0 ]\n' +
    'then\n' +
    "\twget --connect-timeout=7 --tries=1 --dns-timeout=7 -q --header='Metadata-Flavor:Google' -O - http://metadata.google.internal/computeMetadata/v1/instance/id\n" +
    'else\n' +
    '\tcurl --version > /dev/null\n' +
    '\tif [ $? -eq 0 ]\n' +
    '\tthen\n' +
    "\t\tcurl --connect-timeout 7 -s --header='Metadata-Flavor:Google' http://metadata.google.internal/computeMetadata/v1/instance/id\n" +
    '\tfi\n' +
    'fi\n' +
    'exit 0'
]
[17:58:54] [127.0.0.1][97104033][ExtensionHostConnection] <21247> Extension Host Process exited with code: 0, signal: null.
[20:03:32] [127.0.0.1][816125ba][ManagementConnection] The client has reconnected.
[20:03:32] [127.0.0.1][ced17843][ExtensionHostConnection] The client has reconnected.
[20:34:55] [127.0.0.1][816125ba][ManagementConnection] The client has disconnected gracefully, so the connection will be disposed.
[20:34:56] [127.0.0.1][ced17843][ExtensionHostConnection] <23911> Extension Host Process exited with code: 0, signal: null.
Last EH closed, waiting before shutting down
[20:34:56] Last EH closed, waiting before shutting down
Last EH closed, shutting down
[20:39:56] Last EH closed, shutting down
